<?xml version="1.0" encoding="utf-8"?>
<test-run id="2" testcasecount="682" result="Passed" total="682" passed="682" failed="0" inconclusive="0" skipped="0" asserts="0" engine-version="3.5.0.0" clr-version="4.0.30319.42000" start-time="2026-08-25 02:34:28Z" end-time="2026-08-25 02:34:32Z" duration="4.2717916">
  <test-suite type="TestSuite" id="1789" name="Frame Synchronization" fullname="Frame Synchronization" runstate="Runnable" testcasecount="682" result="Passed" start-time="2026-08-25 02:34:28Z" end-time="2026-08-25 02:34:32Z" duration="4.271792" total="682" passed="682" failed="0" inconclusive="0" skipped="0" asserts="0">
    <properties />
    <test-suite type="Assembly" id="2570" name="FrameSyncDemo.Tests.EditMode.dll" fullname="E:/帧同步_RouteC/.task12-isolation/Frame Synchronization/Library/ScriptAssemblies/FrameSyncDemo.Tests.EditMode.dll" runstate="Runnable" testcasecount="682" result="Passed" start-time="2026-08-25 02:34:28Z" end-time="2026-08-25 02:34:32Z" duration="4.261046" total="682" passed="682" failed="0" inconclusive="0" skipped="0" asserts="0">
      <properties>
        <property name="_PID" value="29740" />
        <property name="_APPDOMAIN" value="Unity Child Domain" />
        <property name="platform" value="EditMode" />
      </properties>
      <test-suite type="TestSuite" id="2571" name="FrameSyncDemo" fullname="FrameSyncDemo" runstate="Runnable" testcasecount="682" result="Passed" start-time="2026-08-25 02:34:28Z" end-time="2026-08-25 02:34:32Z" duration="4.260726" total="682" passed="682" failed="0" inconclusive="0" skipped="0" asserts="0">
        <properties />
        <test-suite type="TestSuite" id="2572" name="Tests" fullname="FrameSyncDemo.Tests" runstate="Runnable" testcasecount="682" result="Passed" start-time="2026-08-25 02:34:28Z" end-time="2026-08-25 02:34:32Z" duration="4.260252" total="682" passed="682" failed="0" inconclusive="0" skipped="0" asserts="0">
          <properties />
          <test-suite type="TestFixture" id="1790" name="BallPhysicsSystemTests" fullname="FrameSyncDemo.Tests.BallPhysicsSystemTests" classname="FrameSyncDemo.Tests.BallPhysicsSystemTests" runstate="Runnable" testcasecount="5" result="Passed" start-time="2026-08-25 02:34:28Z" end-time="2026-08-25 02:34:28Z" duration="0.030591" total="5" passed="5" failed="0" inconclusive="0" skipped="0" asserts="0">
            <properties />
            <test-case id="1791" name="Update_BallCrossesHoopPlaneInsideRadius_SetsScored" fullname="FrameSyncDemo.Tests.BallPhysicsSystemTests.Update_BallCrossesHoopPlaneInsideRadius_SetsScored" methodname="Update_BallCrossesHoopPlaneInsideRadius_SetsScored" classname="FrameSyncDemo.Tests.BallPhysicsSystemTests" runstate="Runnable" seed="1525795292" result="Passed" start-time="2026-08-25 02:34:28Z" end-time="2026-08-25 02:34:28Z" duration="0.013646" asserts="0">
              <properties />
            </test-case>
            <test-case id="1792" name="Update_OffTargetBallHitsFloor_SetsFree" fullname="FrameSyncDemo.Tests.BallPhysicsSystemTests.Update_OffTargetBallHitsFloor_SetsFree" methodname="Update_OffTargetBallHitsFloor_SetsFree" classname="FrameSyncDemo.Tests.BallPhysicsSystemTests" runstate="Runnable" seed="1195156857" result="Passed" start-time="2026-08-25 02:34:28Z" end-time="2026-08-25 02:34:28Z" duration="0.000611" asserts="0">
              <properties />
            </test-case>
            <test-case id="1793" name="Update_ScoredBallAboveFloor_ContinuesFalling" fullname="FrameSyncDemo.Tests.BallPhysicsSystemTests.Update_ScoredBallAboveFloor_ContinuesFalling" methodname="Update_ScoredBallAboveFloor_ContinuesFalling" classname="FrameSyncDemo.Tests.BallPhysicsSystemTests" runstate="Runnable" seed="1823285987" result="Passed" start-time="2026-08-25 02:34:28Z" end-time="2026-08-25 02:34:28Z" duration="0.003106" asserts="0">
              <properties />
            </test-case>
            <test-case id="1794" name="Update_ScoredBallReachesFloor_BecomesFree" fullname="FrameSyncDemo.Tests.BallPhysicsSystemTests.Update_ScoredBallReachesFloor_BecomesFree" methodname="Update_ScoredBallReachesFloor_BecomesFree" classname="FrameSyncDemo.Tests.BallPhysicsSystemTests" runstate="Runnable" seed="1951937749" result="Passed" start-time="2026-08-25 02:34:28Z" end-time="2026-08-25 02:34:28Z" duration="0.000298" asserts="0">
              <properties />
            </test-case>
            <test-case id="1795" name="Update_ShotScoresThenFallsToFloor_BecomesFree" fullname="FrameSyncDemo.Tests.BallPhysicsSystemTests.Update_ShotScoresThenFallsToFloor_BecomesFree" methodname="Update_ShotScoresThenFallsToFloor_BecomesFree" classname="FrameSyncDemo.Tests.BallPhysicsSystemTests" runstate="Runnable" seed="1694155761" result="Passed" start-time="2026-08-25 02:34:28Z" end-time="2026-08-25 02:34:28Z" duration="0.000556" asserts="0">
              <properties />
            </test-case>
          </test-suite>
          <test-suite type="TestFixture" id="1796" name="BallPossessionSystemTests" fullname="FrameSyncDemo.Tests.BallPossessionSystemTests" classname="FrameSyncDemo.Tests.BallPossessionSystemTests" runstate="Runnable" testcasecount="2" result="Passed" start-time="2026-08-25 02:34:28Z" end-time="2026-08-25 02:34:28Z" duration="0.003519" total="2" passed="2" failed="0" inconclusive="0" skipped="0" asserts="0">
            <properties />
            <test-case id="1797" name="TryUpdateHeldBall_ConsistentPossession_UpdatesFixedHandPointAndClearsVelocity" fullname="FrameSyncDemo.Tests.BallPossessionSystemTests.TryUpdateHeldBall_ConsistentPossession_UpdatesFixedHandPointAndClearsVelocity" methodname="TryUpdateHeldBall_ConsistentPossession_UpdatesFixedHandPointAndClearsVelocity" classname="FrameSyncDemo.Tests.BallPossessionSystemTests" runstate="Runnable" seed="1049252962" result="Passed" start-time="2026-08-25 02:34:28Z" end-time="2026-08-25 02:34:28Z" duration="0.002155" asserts="0">
              <properties />
            </test-case>
            <test-case id="1798" name="TryUpdateHeldBall_InconsistentPossession_ReturnsFalseWithoutMutation" fullname="FrameSyncDemo.Tests.BallPossessionSystemTests.TryUpdateHeldBall_InconsistentPossession_ReturnsFalseWithoutMutation" methodname="TryUpdateHeldBall_InconsistentPossession_ReturnsFalseWithoutMutation" classname="FrameSyncDemo.Tests.BallPossessionSystemTests" runstate="Runnable" seed="1041058758" result="Passed" start-time="2026-08-25 02:34:28Z" end-time="2026-08-25 02:34:28Z" duration="0.000541" asserts="0">
              <properties />
            </test-case>
          </test-suite>
          <test-suite type="TestFixture" id="1799" name="BallShotSystemTests" fullname="FrameSyncDemo.Tests.BallShotSystemTests" classname="FrameSyncDemo.Tests.BallShotSystemTests" runstate="Runnable" testcasecount="2" result="Passed" start-time="2026-08-25 02:34:28Z" end-time="2026-08-25 02:34:28Z" duration="0.007188" total="2" passed="2" failed="0" inconclusive="0" skipped="0" asserts="0">
            <properties />
            <test-case id="1801" name="TryShoot_NoPossession_ReturnsFalseWithoutMutation" fullname="FrameSyncDemo.Tests.BallShotSystemTests.TryShoot_NoPossession_ReturnsFalseWithoutMutation" methodname="TryShoot_NoPossession_ReturnsFalseWithoutMutation" classname="FrameSyncDemo.Tests.BallShotSystemTests" runstate="Runnable" seed="447921150" result="Passed" start-time="2026-08-25 02:34:28Z" end-time="2026-08-25 02:34:28Z" duration="0.002813" asserts="0">
              <properties />
            </test-case>
            <test-case id="1800" name="TryShoot_ValidPossession_ReleasesBallAndReachesTargetAtFixedFrame" fullname="FrameSyncDemo.Tests.BallShotSystemTests.TryShoot_ValidPossession_ReleasesBallAndReachesTargetAtFixedFrame" methodname="TryShoot_ValidPossession_ReleasesBallAndReachesTargetAtFixedFrame" classname="FrameSyncDemo.Tests.BallShotSystemTests" runstate="Runnable" seed="1742377722" result="Passed" start-time="2026-08-25 02:34:28Z" end-time="2026-08-25 02:34:28Z" duration="0.003843" asserts="0">
              <properties />
              <output><![CDATA[[FSM] P0: Idle → ShootReady
[FSM] P0: ShootReady → Shooting
]]></output>
            </test-case>
          </test-suite>
          <test-suite type="TestFixture" id="1802" name="CanonicalFrameTests" fullname="FrameSyncDemo.Tests.CanonicalFrameTests" classname="FrameSyncDemo.Tests.CanonicalFrameTests" runstate="Runnable" testcasecount="7" result="Passed" start-time="2026-08-25 02:34:28Z" end-time="2026-08-25 02:34:28Z" duration="0.003335" total="7" passed="7" failed="0" inconclusive="0" skipped="0" asserts="0">
            <properties />
            <test-case id="1806" name="TryFromLocal_InvalidPlayerIndex_Throws" fullname="FrameSyncDemo.Tests.CanonicalFrameTests.TryFromLocal_InvalidPlayerIndex_Throws" methodname="TryFromLocal_InvalidPlayerIndex_Throws" classname="FrameSyncDemo.Tests.CanonicalFrameTests" runstate="Runnable" seed="1502059832" result="Passed" start-time="2026-08-25 02:34:28Z" end-time="2026-08-25 02:34:28Z" duration="0.001231" asserts="0">
              <properties />
            </test-case>
            <test-case id="1803" name="TryFromLocal_Player0_UsesLocalFrame" fullname="FrameSyncDemo.Tests.CanonicalFrameTests.TryFromLocal_Player0_UsesLocalFrame" methodname="TryFromLocal_Player0_UsesLocalFrame" classname="FrameSyncDemo.Tests.CanonicalFrameTests" runstate="Runnable" seed="2043969179" result="Passed" start-time="2026-08-25 02:34:28Z" end-time="2026-08-25 02:34:28Z" duration="0.000136" asserts="0">
              <properties />
            </test-case>
            <test-case id="1804" name="TryFromLocal_Player1_MapsToPlayer0Timeline" fullname="FrameSyncDemo.Tests.CanonicalFrameTests.TryFromLocal_Player1_MapsToPlayer0Timeline" methodname="TryFromLocal_Player1_MapsToPlayer0Timeline" classname="FrameSyncDemo.Tests.CanonicalFrameTests" runstate="Runnable" seed="386158162" result="Passed" start-time="2026-08-25 02:34:28Z" end-time="2026-08-25 02:34:28Z" duration="0.000126" asserts="0">
              <properties />
            </test-case>
            <test-case id="1805" name="TryFromLocal_Player1BeforeAnchor_ReturnsFalse" fullname="FrameSyncDemo.Tests.CanonicalFrameTests.TryFromLocal_Player1BeforeAnchor_ReturnsFalse" methodname="TryFromLocal_Player1BeforeAnchor_ReturnsFalse" classname="FrameSyncDemo.Tests.CanonicalFrameTests" runstate="Runnable" seed="1060980580" result="Passed" start-time="2026-08-25 02:34:28Z" end-time="2026-08-25 02:34:28Z" duration="0.000121" asserts="0">
              <properties />
            </test-case>
            <test-case id="1809" name="TryToLocal_InvalidPlayerIndex_Throws" fullname="FrameSyncDemo.Tests.CanonicalFrameTests.TryToLocal_InvalidPlayerIndex_Throws" methodname="TryToLocal_InvalidPlayerIndex_Throws" classname="FrameSyncDemo.Tests.CanonicalFrameTests" runstate="Runnable" seed="24864267" result="Passed" start-time="2026-08-25 02:34:28Z" end-time="2026-08-25 02:34:28Z" duration="0.000244" asserts="0">
              <properties />
            </test-case>
            <test-case id="1808" name="TryToLocal_PlayerOne_RejectsOverflowAndNegativeLocalResult" fullname="FrameSyncDemo.Tests.CanonicalFrameTests.TryToLocal_PlayerOne_RejectsOverflowAndNegativeLocalResult" methodname="TryToLocal_PlayerOne_RejectsOverflowAndNegativeLocalResult" classname="FrameSyncDemo.Tests.CanonicalFrameTests" runstate="Runnable" seed="1731788780" result="Passed" start-time="2026-08-25 02:34:28Z" end-time="2026-08-25 02:34:28Z" duration="0.000164" asserts="0">
              <properties />
            </test-case>
            <test-case id="1807" name="TryToLocal_PlayerOne_RoundTripsNonZeroOffset" fullname="FrameSyncDemo.Tests.CanonicalFrameTests.TryToLocal_PlayerOne_RoundTripsNonZeroOffset" methodname="TryToLocal_PlayerOne_RoundTripsNonZeroOffset" classname="FrameSyncDemo.Tests.CanonicalFrameTests" runstate="Runnable" seed="472663097" result="Passed" start-time="2026-08-25 02:34:28Z" end-time="2026-08-25 02:34:28Z" duration="0.000142" asserts="0">
              <properties />
            </test-case>
          </test-suite>
          <test-suite type="TestFixture" id="1810" name="ConfirmedPlaybackRuntimeAdapterTests" fullname="FrameSyncDemo.Tests.ConfirmedPlaybackRuntimeAdapterTests" classname="FrameSyncDemo.Tests.ConfirmedPlaybackRuntimeAdapterTests" runstate="Runnable" testcasecount="1" result="Passed" start-time="2026-08-25 02:34:28Z" end-time="2026-08-25 02:34:28Z" duration="0.024059" total="1" passed="1" failed="0" inconclusive="0" skipped="0" asserts="0">
            <properties />
            <test-case id="1811" name="PresentationControllerDiagnosticsAndCorrection_DoNotMutateLogicWorldsOrHashes" fullname="FrameSyncDemo.Tests.ConfirmedPlaybackRuntimeAdapterTests.PresentationControllerDiagnosticsAndCorrection_DoNotMutateLogicWorldsOrHashes" methodname="PresentationControllerDiagnosticsAndCorrection_DoNotMutateLogicWorldsOrHashes" classname="FrameSyncDemo.Tests.ConfirmedPlaybackRuntimeAdapterTests" runstate="Runnable" seed="711891346" result="Passed" start-time="2026-08-25 02:34:28Z" end-time="2026-08-25 02:34:28Z" duration="0.020359" asserts="0">
              <properties />
            </test-case>
          </test-suite>
          <test-suite type="TestFixture" id="1812" name="ConfirmedPlaybackSettingsTests" fullname="FrameSyncDemo.Tests.ConfirmedPlaybackSettingsTests" classname="FrameSyncDemo.Tests.ConfirmedPlaybackSettingsTests" runstate="Runnable" testcasecount="3" result="Passed" start-time="2026-08-25 02:34:28Z" end-time="2026-08-25 02:34:28Z" duration="0.002316" total="3" passed="3" failed="0" inconclusive="0" skipped="0" asserts="0">
            <properties />
            <test-case id="1813" name="Defaults_AreLowLatencyRouteCTuning" fullname="FrameSyncDemo.Tests.ConfirmedPlaybackSettingsTests.Defaults_AreLowLatencyRouteCTuning" methodname="Defaults_AreLowLatencyRouteCTuning" classname="FrameSyncDemo.Tests.ConfirmedPlaybackSettingsTests" runstate="Runnable" seed="1515982967" result="Passed" start-time="2026-08-25 02:34:28Z" end-time="2026-08-25 02:34:28Z" duration="0.000925" asserts="0">
              <properties />
            </test-case>
            <test-case id="1814" name="ValidateOrReset_InvalidCombination_RestoresWholeDefaultSetOnce" fullname="FrameSyncDemo.Tests.ConfirmedPlaybackSettingsTests.ValidateOrReset_InvalidCombination_RestoresWholeDefaultSetOnce" methodname="ValidateOrReset_InvalidCombination_RestoresWholeDefaultSetOnce" classname="FrameSyncDemo.Tests.ConfirmedPlaybackSettingsTests" runstate="Runnable" seed="2111039957" result="Passed" start-time="2026-08-25 02:34:28Z" end-time="2026-08-25 02:34:28Z" duration="0.000503" asserts="0">
              <properties />
            </test-case>
            <test-case id="1815" name="ValidateOrReset_TargetEqualsCapacity_RestoresDefaultsOnce" fullname="FrameSyncDemo.Tests.ConfirmedPlaybackSettingsTests.ValidateOrReset_TargetEqualsCapacity_RestoresDefaultsOnce" methodname="ValidateOrReset_TargetEqualsCapacity_RestoresDefaultsOnce" classname="FrameSyncDemo.Tests.ConfirmedPlaybackSettingsTests" runstate="Runnable" seed="959114128" result="Passed" start-time="2026-08-25 02:34:28Z" end-time="2026-08-25 02:34:28Z" duration="0.000222" asserts="0">
              <properties />
            </test-case>
          </test-suite>
          <test-suite type="TestFixture" id="1816" name="ConfirmedPresentationCursorTests" fullname="FrameSyncDemo.Tests.ConfirmedPresentationCursorTests" classname="FrameSyncDemo.Tests.ConfirmedPresentationCursorTests" runstate="Runnable" testcasecount="20" result="Passed" start-time="2026-08-25 02:34:28Z" end-time="2026-08-25 02:34:28Z" duration="0.027577" total="20" passed="20" failed="0" inconclusive="0" skipped="0" asserts="0">
            <properties />
            <test-case id="1824" name="BacklogEight_TargetSpeedNeverExceedsOnePointFive" fullname="FrameSyncDemo.Tests.ConfirmedPresentationCursorTests.BacklogEight_TargetSpeedNeverExceedsOnePointFive" methodname="BacklogEight_TargetSpeedNeverExceedsOnePointFive" classname="FrameSyncDemo.Tests.ConfirmedPresentationCursorTests" runstate="Runnable" seed="2127991207" result="Passed" start-time="2026-08-25 02:34:28Z" end-time="2026-08-25 02:34:28Z" duration="0.001163" asserts="0">
              <properties />
            </test-case>
            <test-case id="1826" name="CatchUpHysteresis_DoesNotToggleInsideDeadBand" fullname="FrameSyncDemo.Tests.ConfirmedPresentationCursorTests.CatchUpHysteresis_DoesNotToggleInsideDeadBand" methodname="CatchUpHysteresis_DoesNotToggleInsideDeadBand" classname="FrameSyncDemo.Tests.ConfirmedPresentationCursorTests" runstate="Runnable" seed="1982652429" result="Passed" start-time="2026-08-25 02:34:28Z" end-time="2026-08-25 02:34:28Z" duration="0.000590" asserts="0">
              <properties />
            </test-case>
            <test-case id="1834" name="EighthReadyInterval_DoesNotOverflow" fullname="FrameSyncDemo.Tests.ConfirmedPresentationCursorTests.EighthReadyInterval_DoesNotOverflow" methodname="EighthReadyInterval_DoesNotOverflow" classname="FrameSyncDemo.Tests.ConfirmedPresentationCursorTests" runstate="Runnable" seed="1150439509" result="Passed" start-time="2026-08-25 02:34:28Z" end-time="2026-08-25 02:34:28Z" duration="0.000179" asserts="0">
              <properties />
            </test-case>
            <test-suite type="ParameterizedMethod" id="1822" name="FractionalBacklog_IncludesActiveAlpha" fullname="FrameSyncDemo.Tests.ConfirmedPresentationCursorTests.FractionalBacklog_IncludesActiveAlpha" classname="FrameSyncDemo.Tests.ConfirmedPresentationCursorTests" runstate="Runnable" testcasecount="3" result="Passed" start-time="2026-08-25 02:34:28Z" end-time="2026-08-25 02:34:28Z" duration="0.000939" total="3" passed="3" failed="0" inconclusive="0" skipped="0" asserts="0">
              <properties />
              <test-case id="1819" name="FractionalBacklog_IncludesActiveAlpha(0.0f,2.0f)" fullname="FrameSyncDemo.Tests.ConfirmedPresentationCursorTests.FractionalBacklog_IncludesActiveAlpha(0.0f,2.0f)" methodname="FractionalBacklog_IncludesActiveAlpha" classname="FrameSyncDemo.Tests.ConfirmedPresentationCursorTests" runstate="Runnable" seed="1870598871" result="Passed" start-time="2026-08-25 02:34:28Z" end-time="2026-08-25 02:34:28Z" duration="0.000237" asserts="0">
                <properties />
              </test-case>
              <test-case id="1820" name="FractionalBacklog_IncludesActiveAlpha(0.5f,1.5f)" fullname="FrameSyncDemo.Tests.ConfirmedPresentationCursorTests.FractionalBacklog_IncludesActiveAlpha(0.5f,1.5f)" methodname="FractionalBacklog_IncludesActiveAlpha" classname="FrameSyncDemo.Tests.ConfirmedPresentationCursorTests" runstate="Runnable" seed="45287080" result="Passed" start-time="2026-08-25 02:34:28Z" end-time="2026-08-25 02:34:28Z" duration="0.000076" asserts="0">
                <properties />
              </test-case>
              <test-case id="1821" name="FractionalBacklog_IncludesActiveAlpha(1.0f,1.0f)" fullname="FrameSyncDemo.Tests.ConfirmedPresentationCursorTests.FractionalBacklog_IncludesActiveAlpha(1.0f,1.0f)" methodname="FractionalBacklog_IncludesActiveAlpha" classname="FrameSyncDemo.Tests.ConfirmedPresentationCursorTests" runstate="Runnable" seed="1598319165" result="Passed" start-time="2026-08-25 02:34:28Z" end-time="2026-08-25 02:34:28Z" duration="0.000070" asserts="0">
                <properties />
              </test-case>
            </test-suite>
            <test-case id="1832" name="LongRenderFrame_CrossesIntervalsSequentiallyAndReturnsFinalPhase" fullname="FrameSyncDemo.Tests.ConfirmedPresentationCursorTests.LongRenderFrame_CrossesIntervalsSequentiallyAndReturnsFinalPhase" methodname="LongRenderFrame_CrossesIntervalsSequentiallyAndReturnsFinalPhase" classname="FrameSyncDemo.Tests.ConfirmedPresentationCursorTests" runstate="Runnable" seed="1786246489" result="Passed" start-time="2026-08-25 02:34:28Z" end-time="2026-08-25 02:34:28Z" duration="0.000794" asserts="0">
              <properties />
            </test-case>
            <test-suite type="ParameterizedMethod" id="1837" name="NinthReadyInterval_RebasesToHeadMinusTarget" fullname="FrameSyncDemo.Tests.ConfirmedPresentationCursorTests.NinthReadyInterval_RebasesToHeadMinusTarget" classname="FrameSyncDemo.Tests.ConfirmedPresentationCursorTests" runstate="Runnable" testcasecount="2" result="Passed" start-time="2026-08-25 02:34:28Z" end-time="2026-08-25 02:34:28Z" duration="0.000739" total="2" passed="2" failed="0" inconclusive="0" skipped="0" asserts="0">
              <properties />
              <test-case id="1835" name="NinthReadyInterval_RebasesToHeadMinusTarget(0,12)" fullname="FrameSyncDemo.Tests.ConfirmedPresentationCursorTests.NinthReadyInterval_RebasesToHeadMinusTarget(0,12)" methodname="NinthReadyInterval_RebasesToHeadMinusTarget" classname="FrameSyncDemo.Tests.ConfirmedPresentationCursorTests" runstate="Runnable" seed="1143271590" result="Passed" start-time="2026-08-25 02:34:28Z" end-time="2026-08-25 02:34:28Z" duration="0.000334" asserts="0">
                <properties />
              </test-case>
              <test-case id="1836" name="NinthReadyInterval_RebasesToHeadMinusTarget(1,11)" fullname="FrameSyncDemo.Tests.ConfirmedPresentationCursorTests.NinthReadyInterval_RebasesToHeadMinusTarget(1,11)" methodname="NinthReadyInterval_RebasesToHeadMinusTarget" classname="FrameSyncDemo.Tests.ConfirmedPresentationCursorTests" runstate="Runnable" seed="1678497668" result="Passed" start-time="2026-08-25 02:34:28Z" end-time="2026-08-25 02:34:28Z" duration="0.000090" asserts="0">
                <properties />
              </test-case>
            </test-suite>
            <test-case id="1823" name="OneReadyInterval_TargetSpeedUsesFractionalExcess" fullname="FrameSyncDemo.Tests.ConfirmedPresentationCursorTests.OneReadyInterval_TargetSpeedUsesFractionalExcess" methodname="OneReadyInterval_TargetSpeedUsesFractionalExcess" classname="FrameSyncDemo.Tests.ConfirmedPresentationCursorTests" runstate="Runnable" seed="1106788676" result="Passed" start-time="2026-08-25 02:34:28Z" end-time="2026-08-25 02:34:28Z" duration="0.000153" asserts="0">
              <properties />
            </test-case>
            <test-case id="1825" name="PlaybackSpeed_MovesTowardTargetWithinConfiguredTimeScale" fullname="FrameSyncDemo.Tests.ConfirmedPresentationCursorTests.PlaybackSpeed_MovesTowardTargetWithinConfiguredTimeScale" methodname="PlaybackSpeed_MovesTowardTargetWithinConfiguredTimeScale" classname="FrameSyncDemo.Tests.ConfirmedPresentationCursorTests" runstate="Runnable" seed="1570184488" result="Passed" start-time="2026-08-25 02:34:28Z" end-time="2026-08-25 02:34:28Z" duration="0.000163" asserts="0">
              <properties />
            </test-case>
            <test-case id="1838" name="PresentationFault_PausesConfirmedTrackWithoutChangingLastGoodFrame" fullname="FrameSyncDemo.Tests.ConfirmedPresentationCursorTests.PresentationFault_PausesConfirmedTrackWithoutChangingLastGoodFrame" methodname="PresentationFault_PausesConfirmedTrackWithoutChangingLastGoodFrame" classname="FrameSyncDemo.Tests.ConfirmedPresentationCursorTests" runstate="Runnable" seed="1535612453" result="Passed" start-time="2026-08-25 02:34:28Z" end-time="2026-08-25 02:34:28Z" duration="0.000286" asserts="0">
              <properties />
            </test-case>
            <test-case id="1839" name="Rollback_PreservesCursorAndRecalculatesSpeedFromCurrentBacklog" fullname="FrameSyncDemo.Tests.ConfirmedPresentationCursorTests.Rollback_PreservesCursorAndRecalculatesSpeedFromCurrentBacklog" methodname="Rollback_PreservesCursorAndRecalculatesSpeedFromCurrentBacklog" classname="FrameSyncDemo.Tests.ConfirmedPresentationCursorTests" runstate="Runnable" seed="1343033522" result="Passed" start-time="2026-08-25 02:34:28Z" end-time="2026-08-25 02:34:28Z" duration="0.000229" asserts="0">
              <properties />
            </test-case>
            <test-suite type="ParameterizedMethod" id="1830" name="StableThirtySecondTrace_RemainsContinuousAcrossRenderRates" fullname="FrameSyncDemo.Tests.ConfirmedPresentationCursorTests.StableThirtySecondTrace_RemainsContinuousAcrossRenderRates" classname="FrameSyncDemo.Tests.ConfirmedPresentationCursorTests" runstate="Runnable" testcasecount="3" result="Passed" start-time="2026-08-25 02:34:28Z" end-time="2026-08-25 02:34:28Z" duration="0.018120" total="3" passed="3" failed="0" inconclusive="0" skipped="0" asserts="0">
              <properties />
              <test-case id="1827" name="StableThirtySecondTrace_RemainsContinuousAcrossRenderRates(30)" fullname="FrameSyncDemo.Tests.ConfirmedPresentationCursorTests.StableThirtySecondTrace_RemainsContinuousAcrossRenderRates(30)" methodname="StableThirtySecondTrace_RemainsContinuousAcrossRenderRates" classname="FrameSyncDemo.Tests.ConfirmedPresentationCursorTests" runstate="Runnable" seed="744189732" result="Passed" start-time="2026-08-25 02:34:28Z" end-time="2026-08-25 02:34:28Z" duration="0.002429" asserts="0">
                <properties />
              </test-case>
              <test-case id="1828" name="StableThirtySecondTrace_RemainsContinuousAcrossRenderRates(60)" fullname="FrameSyncDemo.Tests.ConfirmedPresentationCursorTests.StableThirtySecondTrace_RemainsContinuousAcrossRenderRates(60)" methodname="StableThirtySecondTrace_RemainsContinuousAcrossRenderRates" classname="FrameSyncDemo.Tests.ConfirmedPresentationCursorTests" runstate="Runnable" seed="913578717" result="Passed" start-time="2026-08-25 02:34:28Z" end-time="2026-08-25 02:34:28Z" duration="0.003961" asserts="0">
                <properties />
              </test-case>
              <test-case id="1829" name="StableThirtySecondTrace_RemainsContinuousAcrossRenderRates(144)" fullname="FrameSyncDemo.Tests.ConfirmedPresentationCursorTests.StableThirtySecondTrace_RemainsContinuousAcrossRenderRates(144)" methodname="StableThirtySecondTrace_RemainsContinuousAcrossRenderRates" classname="FrameSyncDemo.Tests.ConfirmedPresentationCursorTests" runstate="Runnable" seed="1499097218" result="Passed" start-time="2026-08-25 02:34:28Z" end-time="2026-08-25 02:34:28Z" duration="0.011122" asserts="0">
                <properties />
              </test-case>
            </test-suite>
            <test-case id="1833" name="Underflow_HoldsEndpointAndResumesFromNextContinuousInterval" fullname="FrameSyncDemo.Tests.ConfirmedPresentationCursorTests.Underflow_HoldsEndpointAndResumesFromNextContinuousInterval" methodname="Underflow_HoldsEndpointAndResumesFromNextContinuousInterval" classname="FrameSyncDemo.Tests.ConfirmedPresentationCursorTests" runstate="Runnable" seed="627564642" result="Passed" start-time="2026-08-25 02:34:28Z" end-time="2026-08-25 02:34:28Z" duration="0.000616" asserts="0">
              <properties />
            </test-case>
            <test-case id="1818" name="WaterlineOne_FirstConfirmedInterval_WaitsUntilOneReadyFrameRemains" fullname="FrameSyncDemo.Tests.ConfirmedPresentationCursorTests.WaterlineOne_FirstConfirmedInterval_WaitsUntilOneReadyFrameRemains" methodname="WaterlineOne_FirstConfirmedInterval_WaitsUntilOneReadyFrameRemains" classname="FrameSyncDemo.Tests.ConfirmedPresentationCursorTests" runstate="Runnable" seed="1234543694" result="Passed" start-time="2026-08-25 02:34:28Z" end-time="2026-08-25 02:34:28Z" duration="0.000409" asserts="0">
              <properties />
            </test-case>
            <test-case id="1831" name="WaterlineOne_FirstVisibleIntervalIsExactlyOneConfirmedHeadLater" fullname="FrameSyncDemo.Tests.ConfirmedPresentationCursorTests.WaterlineOne_FirstVisibleIntervalIsExactlyOneConfirmedHeadLater" methodname="WaterlineOne_FirstVisibleIntervalIsExactlyOneConfirmedHeadLater" classname="FrameSyncDemo.Tests.ConfirmedPresentationCursorTests" runstate="Runnable" seed="217167666" result="Passed" start-time="2026-08-25 02:34:28Z" end-time="2026-08-25 02:34:28Z" duration="0.000443" asserts="0">
              <properties />
            </test-case>
            <test-case id="1817" name="WaterlineZero_FirstConfirmedInterval_StartsWithoutWaitingForNextFrame" fullname="FrameSyncDemo.Tests.ConfirmedPresentationCursorTests.WaterlineZero_FirstConfirmedInterval_StartsWithoutWaitingForNextFrame" methodname="WaterlineZero_FirstConfirmedInterval_StartsWithoutWaitingForNextFrame" classname="FrameSyncDemo.Tests.ConfirmedPresentationCursorTests" runstate="Runnable" seed="2124980643" result="Passed" start-time="2026-08-25 02:34:28Z" end-time="2026-08-25 02:34:28Z" duration="0.000265" asserts="0">
              <properties />
            </test-case>
          </test-suite>
          <test-suite type="TestFixture" id="1840" name="DeterministicNetworkFaultModelTests" fullname="FrameSyncDemo.Tests.DeterministicNetworkFaultModelTests" classname="FrameSyncDemo.Tests.DeterministicNetworkFaultModelTests" runstate="Runnable" testcasecount="8" result="Passed" start-time="2026-08-25 02:34:28Z" end-time="2026-08-25 02:34:28Z" duration="0.015493" total="8" passed="8" failed="0" inconclusive="0" skipped="0" asserts="0">
            <properties />
            <test-case id="1848" name="CanonicalTraceLine_ContainsNoWallClockFields" fullname="FrameSyncDemo.Tests.DeterministicNetworkFaultModelTests.CanonicalTraceLine_ContainsNoWallClockFields" methodname="CanonicalTraceLine_ContainsNoWallClockFields" classname="FrameSyncDemo.Tests.DeterministicNetworkFaultModelTests" runstate="Runnable" seed="1632825106" result="Passed" start-time="2026-08-25 02:34:28Z" end-time="2026-08-25 02:34:28Z" duration="0.002475" asserts="0">
              <properties />
            </test-case>
            <test-case id="1846" name="Decide_AllFaultPercentagesOneHundred_ComposesDelaysAndFlags" fullname="FrameSyncDemo.Tests.DeterministicNetworkFaultModelTests.Decide_AllFaultPercentagesOneHundred_ComposesDelaysAndFlags" methodname="Decide_AllFaultPercentagesOneHundred_ComposesDelaysAndFlags" classname="FrameSyncDemo.Tests.DeterministicNetworkFaultModelTests" runstate="Runnable" seed="1095346457" result="Passed" start-time="2026-08-25 02:34:28Z" end-time="2026-08-25 02:34:28Z" duration="0.000263" asserts="0">
              <properties />
            </test-case>
            <test-case id="1845" name="Decide_DifferentSeeds_ChangeAtLeastOneDecision" fullname="FrameSyncDemo.Tests.DeterministicNetworkFaultModelTests.Decide_DifferentSeeds_ChangeAtLeastOneDecision" methodname="Decide_DifferentSeeds_ChangeAtLeastOneDecision" classname="FrameSyncDemo.Tests.DeterministicNetworkFaultModelTests" runstate="Runnable" seed="2107716291" result="Passed" start-time="2026-08-25 02:34:28Z" end-time="2026-08-25 02:34:28Z" duration="0.002850" asserts="0">
              <properties />
            </test-case>
            <test-case id="1842" name="Decide_Fixed100_AssignsExactlyOneHundredMilliseconds" fullname="FrameSyncDemo.Tests.DeterministicNetworkFaultModelTests.Decide_Fixed100_AssignsExactlyOneHundredMilliseconds" methodname="Decide_Fixed100_AssignsExactlyOneHundredMilliseconds" classname="FrameSyncDemo.Tests.DeterministicNetworkFaultModelTests" runstate="Runnable" seed="1332424174" result="Passed" start-time="2026-08-25 02:34:28Z" end-time="2026-08-25 02:34:28Z" duration="0.000272" asserts="0">
              <properties />
            </test-case>
            <test-case id="1843" name="Decide_InvalidSenderIndex_Throws" fullname="FrameSyncDemo.Tests.DeterministicNetworkFaultModelTests.Decide_InvalidSenderIndex_Throws" methodname="Decide_InvalidSenderIndex_Throws" classname="FrameSyncDemo.Tests.DeterministicNetworkFaultModelTests" runstate="Runnable" seed="1883774370" result="Passed" start-time="2026-08-25 02:34:28Z" end-time="2026-08-25 02:34:28Z" duration="0.000361" asserts="0">
              <properties />
            </test-case>
            <test-case id="1847" name="Decide_JitterNeverMakesEffectiveDelayNegative" fullname="FrameSyncDemo.Tests.DeterministicNetworkFaultModelTests.Decide_JitterNeverMakesEffectiveDelayNegative" methodname="Decide_JitterNeverMakesEffectiveDelayNegative" classname="FrameSyncDemo.Tests.DeterministicNetworkFaultModelTests" runstate="Runnable" seed="563842972" result="Passed" start-time="2026-08-25 02:34:28Z" end-time="2026-08-25 02:34:28Z" duration="0.002028" asserts="0">
              <properties />
            </test-case>
            <test-case id="1844" name="Decide_SameSeedAndScript_ProducesIdenticalTrace" fullname="FrameSyncDemo.Tests.DeterministicNetworkFaultModelTests.Decide_SameSeedAndScript_ProducesIdenticalTrace" methodname="Decide_SameSeedAndScript_ProducesIdenticalTrace" classname="FrameSyncDemo.Tests.DeterministicNetworkFaultModelTests" runstate="Runnable" seed="6834521" result="Passed" start-time="2026-08-25 02:34:28Z" end-time="2026-08-25 02:34:28Z" duration="0.004526" asserts="0">
              <properties />
            </test-case>
            <test-case id="1841" name="Profile_InvalidRanges_Throw" fullname="FrameSyncDemo.Tests.DeterministicNetworkFaultModelTests.Profile_InvalidRanges_Throw" methodname="Profile_InvalidRanges_Throw" classname="FrameSyncDemo.Tests.DeterministicNetworkFaultModelTests" runstate="Runnable" seed="1208366349" result="Passed" start-time="2026-08-25 02:34:28Z" end-time="2026-08-25 02:34:28Z" duration="0.001089" asserts="0">
              <properties />
            </test-case>
          </test-suite>
          <test-suite type="TestFixture" id="1849" name="DeterministicWorldTests" fullname="FrameSyncDemo.Tests.DeterministicWorldTests" classname="FrameSyncDemo.Tests.DeterministicWorldTests" runstate="Runnable" testcasecount="5" result="Passed" start-time="2026-08-25 02:34:28Z" end-time="2026-08-25 02:34:28Z" duration="0.006567" total="5" passed="5" failed="0" inconclusive="0" skipped="0" asserts="0">
            <properties />
            <test-case id="1852" name="CaptureRestore_CompleteState_RoundTripsThroughWorldModule" fullname="FrameSyncDemo.Tests.DeterministicWorldTests.CaptureRestore_CompleteState_RoundTripsThroughWorldModule" methodname="CaptureRestore_CompleteState_RoundTripsThroughWorldModule" classname="FrameSyncDemo.Tests.DeterministicWorldTests" runstate="Runnable" seed="1150056239" result="Passed" start-time="2026-08-25 02:34:28Z" end-time="2026-08-25 02:34:28Z" duration="0.000883" asserts="0">
              <properties />
            </test-case>
            <test-case id="1854" name="Constructor_InvalidWorld_ThrowsExplicitly" fullname="FrameSyncDemo.Tests.DeterministicWorldTests.Constructor_InvalidWorld_ThrowsExplicitly" methodname="Constructor_InvalidWorld_ThrowsExplicitly" classname="FrameSyncDemo.Tests.DeterministicWorldTests" runstate="Runnable" seed="370466614" result="Passed" start-time="2026-08-25 02:34:28Z" end-time="2026-08-25 02:34:28Z" duration="0.000611" asserts="0">
              <properties />
            </test-case>
            <test-case id="1851" name="SetMoveDistance_RuntimeValueChanges_NextStepUsesLatestValue" fullname="FrameSyncDemo.Tests.DeterministicWorldTests.SetMoveDistance_RuntimeValueChanges_NextStepUsesLatestValue" methodname="SetMoveDistance_RuntimeValueChanges_NextStepUsesLatestValue" classname="FrameSyncDemo.Tests.DeterministicWorldTests" runstate="Runnable" seed="1680903386" result="Passed" start-time="2026-08-25 02:34:28Z" end-time="2026-08-25 02:34:28Z" duration="0.000329" asserts="0">
              <properties />
            </test-case>
            <test-case id="1853" name="Step_InvalidInputCount_ThrowsExplicitly" fullname="FrameSyncDemo.Tests.DeterministicWorldTests.Step_InvalidInputCount_ThrowsExplicitly" methodname="Step_InvalidInputCount_ThrowsExplicitly" classname="FrameSyncDemo.Tests.DeterministicWorldTests" runstate="Runnable" seed="1304385962" result="Passed" start-time="2026-08-25 02:34:28Z" end-time="2026-08-25 02:34:28Z" duration="0.000405" asserts="0">
              <properties />
            </test-case>
            <test-case id="1850" name="Step_MovementInput_ProducesCurrentFrameSimulationResult" fullname="FrameSyncDemo.Tests.DeterministicWorldTests.Step_MovementInput_ProducesCurrentFrameSimulationResult" methodname="Step_MovementInput_ProducesCurrentFrameSimulationResult" classname="FrameSyncDemo.Tests.DeterministicWorldTests" runstate="Runnable" seed="1072939402" result="Passed" start-time="2026-08-25 02:34:28Z" end-time="2026-08-25 02:34:28Z" duration="0.002984" asserts="0">
              <properties />
            </test-case>
          </test-suite>
          <test-suite type="TestFixture" id="1855" name="FrameBufferExecutionLogTests" fullname="FrameSyncDemo.Tests.FrameBufferExecutionLogTests" classname="FrameSyncDemo.Tests.FrameBufferExecutionLogTests" runstate="Runnable" testcasecount="1" result="Passed" start-time="2026-08-25 02:34:28Z" end-time="2026-08-25 02:34:28Z" duration="0.002773" total="1" passed="1" failed="0" inconclusive="0" skipped="0" asserts="0">
            <properties />
            <test-case id="1856" name="AddFrame_ResolvedLedgerValues_ArePreservedAsExecutionLog" fullname="FrameSyncDemo.Tests.FrameBufferExecutionLogTests.AddFrame_ResolvedLedgerValues_ArePreservedAsExecutionLog" methodname="AddFrame_ResolvedLedgerValues_ArePreservedAsExecutionLog" classname="FrameSyncDemo.Tests.FrameBufferExecutionLogTests" runstate="Runnable" seed="1450105376" result="Passed" start-time="2026-08-25 02:34:28Z" end-time="2026-08-25 02:34:28Z" duration="0.002427" asserts="0">
              <properties />
            </test-case>
          </test-suite>
          <test-suite type="TestFixture" id="1857" name="FrameInputLedgerReplayTests" fullname="FrameSyncDemo.Tests.FrameInputLedgerReplayTests" classname="FrameSyncDemo.Tests.FrameInputLedgerReplayTests" runstate="Runnable" testcasecount="17" result="Passed" start-time="2026-08-25 02:34:28Z" end-time="2026-08-25 02:34:28Z" duration="0.021334" total="17" passed="17" failed="0" inconclusive="0" skipped="0" asserts="0">
            <properties />
            <test-case id="1861" name="CommitReplay_PlanCapturesOnlyMismatchesInsideItsFrameRange" fullname="FrameSyncDemo.Tests.FrameInputLedgerReplayTests.CommitReplay_PlanCapturesOnlyMismatchesInsideItsFrameRange" methodname="CommitReplay_PlanCapturesOnlyMismatchesInsideItsFrameRange" classname="FrameSyncDemo.Tests.FrameInputLedgerReplayTests" runstate="Runnable" seed="2088925424" result="Passed" start-time="2026-08-25 02:34:28Z" end-time="2026-08-25 02:34:28Z" duration="0.006438" asserts="0">
              <properties />
            </test-case>
            <test-case id="1863" name="CommitReplay_PreflightFailureIsAtomicAndReleasesCurrentPlan" fullname="FrameSyncDemo.Tests.FrameInputLedgerReplayTests.CommitReplay_PreflightFailureIsAtomicAndReleasesCurrentPlan" methodname="CommitReplay_PreflightFailureIsAtomicAndReleasesCurrentPlan" classname="FrameSyncDemo.Tests.FrameInputLedgerReplayTests" runstate="Runnable" seed="223783348" result="Passed" start-time="2026-08-25 02:34:28Z" end-time="2026-08-25 02:34:28Z" duration="0.002630" asserts="0">
              <properties />
            </test-case>
            <test-case id="1859" name="CommitReplay_ReplacesOnlyPlanPredictionsAndClearsOnlyCapturedGenerationMismatches" fullname="FrameSyncDemo.Tests.FrameInputLedgerReplayTests.CommitReplay_ReplacesOnlyPlanPredictionsAndClearsOnlyCapturedGenerationMismatches" methodname="CommitReplay_ReplacesOnlyPlanPredictionsAndClearsOnlyCapturedGenerationMismatches" classname="FrameSyncDemo.Tests.FrameInputLedgerReplayTests" runstate="Runnable" seed="173910509" result="Passed" start-time="2026-08-25 02:34:28Z" end-time="2026-08-25 02:34:28Z" duration="0.000463" asserts="0">
              <properties />
            </test-case>
            <test-case id="1860" name="CommitReplay_StalePlanDoesNotChangeSlotsOrMismatches" fullname="FrameSyncDemo.Tests.FrameInputLedgerReplayTests.CommitReplay_StalePlanDoesNotChangeSlotsOrMismatches" methodname="CommitReplay_StalePlanDoesNotChangeSlotsOrMismatches" classname="FrameSyncDemo.Tests.FrameInputLedgerReplayTests" runstate="Runnable" seed="1249396007" result="Passed" start-time="2026-08-25 02:34:28Z" end-time="2026-08-25 02:34:28Z" duration="0.000321" asserts="0">
              <properties />
            </test-case>
            <test-case id="1862" name="EarliestMismatch_FailedReplayAttemptLeavesItPendingUntilCommitExposesNext" fullname="FrameSyncDemo.Tests.FrameInputLedgerReplayTests.EarliestMismatch_FailedReplayAttemptLeavesItPendingUntilCommitExposesNext" methodname="EarliestMismatch_FailedReplayAttemptLeavesItPendingUntilCommitExposesNext" classname="FrameSyncDemo.Tests.FrameInputLedgerReplayTests" runstate="Runnable" seed="1920321304" result="Passed" start-time="2026-08-25 02:34:28Z" end-time="2026-08-25 02:34:28Z" duration="0.000311" asserts="0">
              <properties />
            </test-case>
            <test-case id="1872" name="HistoryWindow_AfterSafePruneAllowsFirstFrameBeyondCapacityAndMakesOldFramesUnavailable" fullname="FrameSyncDemo.Tests.FrameInputLedgerReplayTests.HistoryWindow_AfterSafePruneAllowsFirstFrameBeyondCapacityAndMakesOldFramesUnavailable" methodname="HistoryWindow_AfterSafePruneAllowsFirstFrameBeyondCapacityAndMakesOldFramesUnavailable" classname="FrameSyncDemo.Tests.FrameInputLedgerReplayTests" runstate="Runnable" seed="1341694865" result="Passed" start-time="2026-08-25 02:34:28Z" end-time="2026-08-25 02:34:28Z" duration="0.000981" asserts="0">
              <properties />
            </test-case>
            <test-case id="1871" name="HistoryWindow_DoesNotSilentlyOverwritePendingFrames" fullname="FrameSyncDemo.Tests.FrameInputLedgerReplayTests.HistoryWindow_DoesNotSilentlyOverwritePendingFrames" methodname="HistoryWindow_DoesNotSilentlyOverwritePendingFrames" classname="FrameSyncDemo.Tests.FrameInputLedgerReplayTests" runstate="Runnable" seed="2078880026" result="Passed" start-time="2026-08-25 02:34:28Z" end-time="2026-08-25 02:34:28Z" duration="0.000240" asserts="0">
              <properties />
            </test-case>
            <test-case id="1873" name="HistoryWindow_RepeatedConfirmedPruneSupportsMoreThanCapacityWithoutOverwriting" fullname="FrameSyncDemo.Tests.FrameInputLedgerReplayTests.HistoryWindow_RepeatedConfirmedPruneSupportsMoreThanCapacityWithoutOverwriting" methodname="HistoryWindow_RepeatedConfirmedPruneSupportsMoreThanCapacityWithoutOverwriting" classname="FrameSyncDemo.Tests.FrameInputLedgerReplayTests" runstate="Runnable" seed="559674563" result="Passed" start-time="2026-08-25 02:34:28Z" end-time="2026-08-25 02:34:28Z" duration="0.003298" asserts="0">
              <properties />
            </test-case>
            <test-case id="1868" name="ReplayInputPlan_IsExternallyImmutableAndUncommittedPlanDoesNotAlterLiveSlots" fullname="FrameSyncDemo.Tests.FrameInputLedgerReplayTests.ReplayInputPlan_IsExternallyImmutableAndUncommittedPlanDoesNotAlterLiveSlots" methodname="ReplayInputPlan_IsExternallyImmutableAndUncommittedPlanDoesNotAlterLiveSlots" classname="FrameSyncDemo.Tests.FrameInputLedgerReplayTests" runstate="Runnable" seed="511036766" result="Passed" start-time="2026-08-25 02:34:28Z" end-time="2026-08-25 02:34:28Z" duration="0.000512" asserts="0">
              <properties />
            </test-case>
            <test-case id="1865" name="TryBuildReplayPlan_HistoryAndCapacityFailuresDoNotMutateLedger" fullname="FrameSyncDemo.Tests.FrameInputLedgerReplayTests.TryBuildReplayPlan_HistoryAndCapacityFailuresDoNotMutateLedger" methodname="TryBuildReplayPlan_HistoryAndCapacityFailuresDoNotMutateLedger" classname="FrameSyncDemo.Tests.FrameInputLedgerReplayTests" runstate="Runnable" seed="1907417468" result="Passed" start-time="2026-08-25 02:34:28Z" end-time="2026-08-25 02:34:28Z" duration="0.000333" asserts="0">
              <properties />
            </test-case>
            <test-case id="1867" name="TryBuildReplayPlan_MissingOnePlayerInExistingFrameLeavesLiveSlotsUntouched" fullname="FrameSyncDemo.Tests.FrameInputLedgerReplayTests.TryBuildReplayPlan_MissingOnePlayerInExistingFrameLeavesLiveSlotsUntouched" methodname="TryBuildReplayPlan_MissingOnePlayerInExistingFrameLeavesLiveSlotsUntouched" classname="FrameSyncDemo.Tests.FrameInputLedgerReplayTests" runstate="Runnable" seed="2146883196" result="Passed" start-time="2026-08-25 02:34:28Z" end-time="2026-08-25 02:34:28Z" duration="0.000367" asserts="0">
              <properties />
            </test-case>
            <test-case id="1866" name="TryBuildReplayPlan_MissingPlayerOrFrameLeavesLiveSlotsAndMismatchesUntouched" fullname="FrameSyncDemo.Tests.FrameInputLedgerReplayTests.TryBuildReplayPlan_MissingPlayerOrFrameLeavesLiveSlotsAndMismatchesUntouched" methodname="TryBuildReplayPlan_MissingPlayerOrFrameLeavesLiveSlotsAndMismatchesUntouched" classname="FrameSyncDemo.Tests.FrameInputLedgerReplayTests" runstate="Runnable" seed="1137270346" result="Passed" start-time="2026-08-25 02:34:28Z" end-time="2026-08-25 02:34:28Z" duration="0.000364" asserts="0">
              <properties />
            </test-case>
            <test-case id="1858" name="TryBuildReplayPlan_RecomputesPredictedSuffixFromPrecedingActualWithoutMutatingLiveSlots" fullname="FrameSyncDemo.Tests.FrameInputLedgerReplayTests.TryBuildReplayPlan_RecomputesPredictedSuffixFromPrecedingActualWithoutMutatingLiveSlots" methodname="TryBuildReplayPlan_RecomputesPredictedSuffixFromPrecedingActualWithoutMutatingLiveSlots" classname="FrameSyncDemo.Tests.FrameInputLedgerReplayTests" runstate="Runnable" seed="212754021" result="Passed" start-time="2026-08-25 02:34:28Z" end-time="2026-08-25 02:34:28Z" duration="0.000652" asserts="0">
              <properties />
            </test-case>
            <test-case id="1864" name="TryBuildReplayPlan_SingleFrameAtIntMaxValue_DoesNotWrapFrameIteration" fullname="FrameSyncDemo.Tests.FrameInputLedgerReplayTests.TryBuildReplayPlan_SingleFrameAtIntMaxValue_DoesNotWrapFrameIteration" methodname="TryBuildReplayPlan_SingleFrameAtIntMaxValue_DoesNotWrapFrameIteration" classname="FrameSyncDemo.Tests.FrameInputLedgerReplayTests" runstate="Runnable" seed="1436367187" result="Passed" start-time="2026-08-25 02:34:28Z" end-time="2026-08-25 02:34:28Z" duration="0.000347" asserts="0">
              <properties />
            </test-case>
            <test-case id="1869" name="TryPruneBefore_PreservesSeedsAndRejectsUnsafeFloors" fullname="FrameSyncDemo.Tests.FrameInputLedgerReplayTests.TryPruneBefore_PreservesSeedsAndRejectsUnsafeFloors" methodname="TryPruneBefore_PreservesSeedsAndRejectsUnsafeFloors" classname="FrameSyncDemo.Tests.FrameInputLedgerReplayTests" runstate="Runnable" seed="1748323427" result="Passed" start-time="2026-08-25 02:34:28Z" end-time="2026-08-25 02:34:28Z" duration="0.000331" asserts="0">
              <properties />
            </test-case>
            <test-case id="1870" name="TryPruneBefore_RejectsInFlightIntegrityAndUnconfirmedFrames" fullname="FrameSyncDemo.Tests.FrameInputLedgerReplayTests.TryPruneBefore_RejectsInFlightIntegrityAndUnconfirmedFrames" methodname="TryPruneBefore_RejectsInFlightIntegrityAndUnconfirmedFrames" classname="FrameSyncDemo.Tests.FrameInputLedgerReplayTests" runstate="Runnable" seed="1562788108" result="Passed" start-time="2026-08-25 02:34:28Z" end-time="2026-08-25 02:34:28Z" duration="0.000273" asserts="0">
              <properties />
            </test-case>
            <test-case id="1874" name="TryPruneBefore_SeedIgnoresBoundaryPredictedValueAndUsesLatestEarlierActual" fullname="FrameSyncDemo.Tests.FrameInputLedgerReplayTests.TryPruneBefore_SeedIgnoresBoundaryPredictedValueAndUsesLatestEarlierActual" methodname="TryPruneBefore_SeedIgnoresBoundaryPredictedValueAndUsesLatestEarlierActual" classname="FrameSyncDemo.Tests.FrameInputLedgerReplayTests" runstate="Runnable" seed="378474596" result="Passed" start-time="2026-08-25 02:34:28Z" end-time="2026-08-25 02:34:28Z" duration="0.000242" asserts="0">
              <properties />
            </test-case>
          </test-suite>
          <test-suite type="TestFixture" id="1875" name="FrameInputLedgerTests" fullname="FrameSyncDemo.Tests.FrameInputLedgerTests" classname="FrameSyncDemo.Tests.FrameInputLedgerTests" runstate="Runnable" testcasecount="11" result="Passed" start-time="2026-08-25 02:34:28Z" end-time="2026-08-25 02:34:28Z" duration="0.006010" total="11" passed="11" failed="0" inconclusive="0" skipped="0" asserts="0">
            <properties />
            <test-case id="1884" name="ConflictingConfirmedInput_FaultPreventsMismatchConsumptionAndFurtherPublication" fullname="FrameSyncDemo.Tests.FrameInputLedgerTests.ConflictingConfirmedInput_FaultPreventsMismatchConsumptionAndFurtherPublication" methodname="ConflictingConfirmedInput_FaultPreventsMismatchConsumptionAndFurtherPublication" classname="FrameSyncDemo.Tests.FrameInputLedgerTests" runstate="Runnable" seed="837820486" result="Passed" start-time="2026-08-25 02:34:28Z" end-time="2026-08-25 02:34:28Z" duration="0.000649" asserts="0">
              <properties />
            </test-case>
            <test-case id="1886" name="InvalidArgumentsAndRepeatedResolve_HaveStableResultsWithoutArrayAlias" fullname="FrameSyncDemo.Tests.FrameInputLedgerTests.InvalidArgumentsAndRepeatedResolve_HaveStableResultsWithoutArrayAlias" methodname="InvalidArgumentsAndRepeatedResolve_HaveStableResultsWithoutArrayAlias" classname="FrameSyncDemo.Tests.FrameInputLedgerTests" runstate="Runnable" seed="832572877" result="Passed" start-time="2026-08-25 02:34:28Z" end-time="2026-08-25 02:34:28Z" duration="0.000641" asserts="0">
              <properties />
            </test-case>
            <test-case id="1879" name="RecordActual_AfterPrediction_ReportsMatchOrMismatchAndPreservesEarliestOrdering" fullname="FrameSyncDemo.Tests.FrameInputLedgerTests.RecordActual_AfterPrediction_ReportsMatchOrMismatchAndPreservesEarliestOrdering" methodname="RecordActual_AfterPrediction_ReportsMatchOrMismatchAndPreservesEarliestOrdering" classname="FrameSyncDemo.Tests.FrameInputLedgerTests" runstate="Runnable" seed="962254247" result="Passed" start-time="2026-08-25 02:34:28Z" end-time="2026-08-25 02:34:28Z" duration="0.000473" asserts="0">
              <properties />
            </test-case>
            <test-case id="1882" name="RecordActual_ConflictingDuplicate_LatchesFaultAndKeepsFirstValue" fullname="FrameSyncDemo.Tests.FrameInputLedgerTests.RecordActual_ConflictingDuplicate_LatchesFaultAndKeepsFirstValue" methodname="RecordActual_ConflictingDuplicate_LatchesFaultAndKeepsFirstValue" classname="FrameSyncDemo.Tests.FrameInputLedgerTests" runstate="Runnable" seed="1145403193" result="Passed" start-time="2026-08-25 02:34:28Z" end-time="2026-08-25 02:34:28Z" duration="0.000404" asserts="0">
              <properties />
            </test-case>
            <test-case id="1877" name="RecordActual_FillingEarlierGaps_AdvancesConfirmationThroughContiguousPrefix" fullname="FrameSyncDemo.Tests.FrameInputLedgerTests.RecordActual_FillingEarlierGaps_AdvancesConfirmationThroughContiguousPrefix" methodname="RecordActual_FillingEarlierGaps_AdvancesConfirmationThroughContiguousPrefix" classname="FrameSyncDemo.Tests.FrameInputLedgerTests" runstate="Runnable" seed="45082797" result="Passed" start-time="2026-08-25 02:34:28Z" end-time="2026-08-25 02:34:28Z" duration="0.000357" asserts="0">
              <properties />
            </test-case>
            <test-case id="1876" name="RecordActual_RequiresBothPlayersBeforeConfirmingFrameZero" fullname="FrameSyncDemo.Tests.FrameInputLedgerTests.RecordActual_RequiresBothPlayersBeforeConfirmingFrameZero" methodname="RecordActual_RequiresBothPlayersBeforeConfirmingFrameZero" classname="FrameSyncDemo.Tests.FrameInputLedgerTests" runstate="Runnable" seed="703028" result="Passed" start-time="2026-08-25 02:34:28Z" end-time="2026-08-25 02:34:28Z" duration="0.000256" asserts="0">
              <properties />
            </test-case>
            <test-case id="1883" name="RecordActual_SameValueDuplicate_IsIdempotentAndDoesNotCreateMismatch" fullname="FrameSyncDemo.Tests.FrameInputLedgerTests.RecordActual_SameValueDuplicate_IsIdempotentAndDoesNotCreateMismatch" methodname="RecordActual_SameValueDuplicate_IsIdempotentAndDoesNotCreateMismatch" classname="FrameSyncDemo.Tests.FrameInputLedgerTests" runstate="Runnable" seed="1412180727" result="Passed" start-time="2026-08-25 02:34:28Z" end-time="2026-08-25 02:34:28Z" duration="0.000312" asserts="0">
              <properties />
            </test-case>
            <test-case id="1880" name="ResolveForSimulation_FrameBeyondRetainedCapacity_ThrowsWithoutCreatingSlotOrAdvancingObservation" fullname="FrameSyncDemo.Tests.FrameInputLedgerTests.ResolveForSimulation_FrameBeyondRetainedCapacity_ThrowsWithoutCreatingSlotOrAdvancingObservation" methodname="ResolveForSimulation_FrameBeyondRetainedCapacity_ThrowsWithoutCreatingSlotOrAdvancingObservation" classname="FrameSyncDemo.Tests.FrameInputLedgerTests" runstate="Runnable" seed="1765947923" result="Passed" start-time="2026-08-25 02:34:28Z" end-time="2026-08-25 02:34:28Z" duration="0.000294" asserts="0">
              <properties />
            </test-case>
            <test-case id="1878" name="ResolveForSimulation_MissingAfterActual_PredictsSustainedInputAndClearsTransientBits" fullname="FrameSyncDemo.Tests.FrameInputLedgerTests.ResolveForSimulation_MissingAfterActual_PredictsSustainedInputAndClearsTransientBits" methodname="ResolveForSimulation_MissingAfterActual_PredictsSustainedInputAndClearsTransientBits" classname="FrameSyncDemo.Tests.FrameInputLedgerTests" runstate="Runnable" seed="841058726" result="Passed" start-time="2026-08-25 02:34:28Z" end-time="2026-08-25 02:34:28Z" duration="0.000294" asserts="0">
              <properties />
            </test-case>
            <test-case id="1881" name="TryGetEarliestMismatch_SameFramePlayerOneArrivesFirst_ReturnsPlayerZero" fullname="FrameSyncDemo.Tests.FrameInputLedgerTests.TryGetEarliestMismatch_SameFramePlayerOneArrivesFirst_ReturnsPlayerZero" methodname="TryGetEarliestMismatch_SameFramePlayerOneArrivesFirst_ReturnsPlayerZero" classname="FrameSyncDemo.Tests.FrameInputLedgerTests" runstate="Runnable" seed="689557493" result="Passed" start-time="2026-08-25 02:34:28Z" end-time="2026-08-25 02:34:28Z" duration="0.000226" asserts="0">
              <properties />
            </test-case>
            <test-case id="1885" name="TryGetRecord_FrameEntryExists_ReturnsMissingSlotAsQueryableRecord" fullname="FrameSyncDemo.Tests.FrameInputLedgerTests.TryGetRecord_FrameEntryExists_ReturnsMissingSlotAsQueryableRecord" methodname="TryGetRecord_FrameEntryExists_ReturnsMissingSlotAsQueryableRecord" classname="FrameSyncDemo.Tests.FrameInputLedgerTests" runstate="Runnable" seed="663499618" result="Passed" start-time="2026-08-25 02:34:28Z" end-time="2026-08-25 02:34:28Z" duration="0.000219" asserts="0">
              <properties />
            </test-case>
          </test-suite>
          <test-suite type="TestFixture" id="1887" name="FrameInputTests" fullname="FrameSyncDemo.Tests.FrameInputTests" classname="FrameSyncDemo.Tests.FrameInputTests" runstate="Runnable" testcasecount="4" result="Passed" start-time="2026-08-25 02:34:28Z" end-time="2026-08-25 02:34:28Z" duration="0.001787" total="4" passed="4" failed="0" inconclusive="0" skipped="0" asserts="0">
            <properties />
            <test-case id="1891" name="EndMatchPressed_SetAndPredict_UsesTransientBitSix" fullname="FrameSyncDemo.Tests.FrameInputTests.EndMatchPressed_SetAndPredict_UsesTransientBitSix" methodname="EndMatchPressed_SetAndPredict_UsesTransientBitSix" classname="FrameSyncDemo.Tests.FrameInputTests" runstate="Runnable" seed="852073014" result="Passed" start-time="2026-08-25 02:34:28Z" end-time="2026-08-25 02:34:28Z" duration="0.000244" asserts="0">
              <properties />
            </test-case>
            <test-case id="1888" name="PickupPressed_SetAndClear_UsesBitFive" fullname="FrameSyncDemo.Tests.FrameInputTests.PickupPressed_SetAndClear_UsesBitFive" methodname="PickupPressed_SetAndClear_UsesBitFive" classname="FrameSyncDemo.Tests.FrameInputTests" runstate="Runnable" seed="723508364" result="Passed" start-time="2026-08-25 02:34:28Z" end-time="2026-08-25 02:34:28Z" duration="0.000230" asserts="0">
              <properties />
            </test-case>
            <test-case id="1889" name="ShootReleased_SetAndClear_UsesBitZeroAndShootAlias" fullname="FrameSyncDemo.Tests.FrameInputTests.ShootReleased_SetAndClear_UsesBitZeroAndShootAlias" methodname="ShootReleased_SetAndClear_UsesBitZeroAndShootAlias" classname="FrameSyncDemo.Tests.FrameInputTests" runstate="Runnable" seed="751439676" result="Passed" start-time="2026-08-25 02:34:28Z" end-time="2026-08-25 02:34:28Z" duration="0.000243" asserts="0">
              <properties />
            </test-case>
            <test-case id="1890" name="ToPredictionInput_TransientBitsSet_ClearsOnlyTransientBits" fullname="FrameSyncDemo.Tests.FrameInputTests.ToPredictionInput_TransientBitsSet_ClearsOnlyTransientBits" methodname="ToPredictionInput_TransientBitsSet_ClearsOnlyTransientBits" classname="FrameSyncDemo.Tests.FrameInputTests" runstate="Runnable" seed="892743075" result="Passed" start-time="2026-08-25 02:34:28Z" end-time="2026-08-25 02:34:28Z" duration="0.000361" asserts="0">
              <properties />
            </test-case>
          </test-suite>
          <test-suite type="TestFixture" id="1892" name="FrameReplaySystemTests" fullname="FrameSyncDemo.Tests.FrameReplaySystemTests" classname="FrameSyncDemo.Tests.FrameReplaySystemTests" runstate="Runnable" testcasecount="6" result="Passed" start-time="2026-08-25 02:34:28Z" end-time="2026-08-25 02:34:28Z" duration="0.005753" total="6" passed="6" failed="0" inconclusive="0" skipped="0" asserts="0">
            <properties />
            <test-case id="1898" name="Replay_CommitRebuildsPredictedSuffix_LaterActualIsClaimableMismatch" fullname="FrameSyncDemo.Tests.FrameReplaySystemTests.Replay_CommitRebuildsPredictedSuffix_LaterActualIsClaimableMismatch" methodname="Replay_CommitRebuildsPredictedSuffix_LaterActualIsClaimableMismatch" classname="FrameSyncDemo.Tests.FrameReplaySystemTests" runstate="Runnable" seed="1903291138" result="Passed" start-time="2026-08-25 02:34:28Z" end-time="2026-08-25 02:34:28Z" duration="0.001774" asserts="0">
              <properties />
            </test-case>
            <test-case id="1897" name="Replay_OlderSnapshotThanPlanStart_FailsWithoutMutationOrPlanCommit" fullname="FrameSyncDemo.Tests.FrameReplaySystemTests.Replay_OlderSnapshotThanPlanStart_FailsWithoutMutationOrPlanCommit" methodname="Replay_OlderSnapshotThanPlanStart_FailsWithoutMutationOrPlanCommit" classname="FrameSyncDemo.Tests.FrameReplaySystemTests" runstate="Runnable" seed="329151229" result="Passed" start-time="2026-08-25 02:34:28Z" end-time="2026-08-25 02:34:28Z" duration="0.000410" asserts="0">
              <properties />
            </test-case>
            <test-case id="1893" name="Replay_PlanOnlyOverload_UsesLedgerPlanAndCommitsItsMismatch" fullname="FrameSyncDemo.Tests.FrameReplaySystemTests.Replay_PlanOnlyOverload_UsesLedgerPlanAndCommitsItsMismatch" methodname="Replay_PlanOnlyOverload_UsesLedgerPlanAndCommitsItsMismatch" classname="FrameSyncDemo.Tests.FrameReplaySystemTests" runstate="Runnable" seed="508944695" result="Passed" start-time="2026-08-25 02:34:28Z" end-time="2026-08-25 02:34:28Z" duration="0.001280" asserts="0">
              <properties />
            </test-case>
            <test-case id="1896" name="Replay_PlanOnlyStalePlan_FailsBeforeWorldMutation" fullname="FrameSyncDemo.Tests.FrameReplaySystemTests.Replay_PlanOnlyStalePlan_FailsBeforeWorldMutation" methodname="Replay_PlanOnlyStalePlan_FailsBeforeWorldMutation" classname="FrameSyncDemo.Tests.FrameReplaySystemTests" runstate="Runnable" seed="245993563" result="Passed" start-time="2026-08-25 02:34:28Z" end-time="2026-08-25 02:34:28Z" duration="0.000393" asserts="0">
              <properties />
            </test-case>
            <test-case id="1895" name="Replay_PlanOnlyWithoutExactPriorSnapshot_FailsBeforeWorldMutation" fullname="FrameSyncDemo.Tests.FrameReplaySystemTests.Replay_PlanOnlyWithoutExactPriorSnapshot_FailsBeforeWorldMutation" methodname="Replay_PlanOnlyWithoutExactPriorSnapshot_FailsBeforeWorldMutation" classname="FrameSyncDemo.Tests.FrameReplaySystemTests" runstate="Runnable" seed="689901815" result="Passed" start-time="2026-08-25 02:34:28Z" end-time="2026-08-25 02:34:28Z" duration="0.000316" asserts="0">
              <properties />
            </test-case>
            <test-case id="1894" name="Replay_PlanStartingAtLedgerStart_ResetsThenStepsPlan" fullname="FrameSyncDemo.Tests.FrameReplaySystemTests.Replay_PlanStartingAtLedgerStart_ResetsThenStepsPlan" methodname="Replay_PlanStartingAtLedgerStart_ResetsThenStepsPlan" classname="FrameSyncDemo.Tests.FrameReplaySystemTests" runstate="Runnable" seed="832980884" result="Passed" start-time="2026-08-25 02:34:28Z" end-time="2026-08-25 02:34:28Z" duration="0.000422" asserts="0">
              <properties />
            </test-case>
          </test-suite>
          <test-suite type="TestFixture" id="1899" name="FrameSimulationSystemTests" fullname="FrameSyncDemo.Tests.FrameSimulationSystemTests" classname="FrameSyncDemo.Tests.FrameSimulationSystemTests" runstate="Runnable" testcasecount="12" result="Passed" start-time="2026-08-25 02:34:28Z" end-time="2026-08-25 02:34:28Z" duration="0.008159" total="12" passed="12" failed="0" inconclusive="0" skipped="0" asserts="0">
            <properties />
            <test-case id="1912" name="RestoreAndReplay_CorrectedShotInput_MatchesAuthoritativeWorld" fullname="FrameSyncDemo.Tests.FrameSimulationSystemTests.RestoreAndReplay_CorrectedShotInput_MatchesAuthoritativeWorld" methodname="RestoreAndReplay_CorrectedShotInput_MatchesAuthoritativeWorld" classname="FrameSyncDemo.Tests.FrameSimulationSystemTests" runstate="Runnable" seed="492265187" result="Passed" start-time="2026-08-25 02:34:28Z" end-time="2026-08-25 02:34:28Z" duration="0.001276" asserts="0">
              <properties />
            </test-case>
            <test-case id="1911" name="RestoreAndReplay_DifferentPredictedHolders_ConvergeToAuthoritativeHash" fullname="FrameSyncDemo.Tests.FrameSimulationSystemTests.RestoreAndReplay_DifferentPredictedHolders_ConvergeToAuthoritativeHash" methodname="RestoreAndReplay_DifferentPredictedHolders_ConvergeToAuthoritativeHash" classname="FrameSyncDemo.Tests.FrameSimulationSystemTests" runstate="Runnable" seed="3343925" result="Passed" start-time="2026-08-25 02:34:28Z" end-time="2026-08-25 02:34:28Z" duration="0.000802" asserts="0">
              <properties />
            </test-case>
            <test-case id="1910" name="RestoreAndReplay_PredictedPickupRejected_RestoresFreeWorld" fullname="FrameSyncDemo.Tests.FrameSimulationSystemTests.RestoreAndReplay_PredictedPickupRejected_RestoresFreeWorld" methodname="RestoreAndReplay_PredictedPickupRejected_RestoresFreeWorld" classname="FrameSyncDemo.Tests.FrameSimulationSystemTests" runstate="Runnable" seed="652104097" result="Passed" start-time="2026-08-25 02:34:28Z" end-time="2026-08-25 02:34:28Z" duration="0.000392" asserts="0">
              <properties />
            </test-case>
            <test-suite type="ParameterizedMethod" id="1909" name="Step_DiagonalInput_HasSameNominalSpeedAsCardinalInput" fullname="FrameSyncDemo.Tests.FrameSimulationSystemTests.Step_DiagonalInput_HasSameNominalSpeedAsCardinalInput" classname="FrameSyncDemo.Tests.FrameSimulationSystemTests" runstate="Runnable" testcasecount="2" result="Passed" start-time="2026-08-25 02:34:28Z" end-time="2026-08-25 02:34:28Z" duration="0.001556" total="2" passed="2" failed="0" inconclusive="0" skipped="0" asserts="0">
              <properties />
              <test-case id="1907" name="Step_DiagonalInput_HasSameNominalSpeedAsCardinalInput(1000,707)" fullname="FrameSyncDemo.Tests.FrameSimulationSystemTests.Step_DiagonalInput_HasSameNominalSpeedAsCardinalInput(1000,707)" methodname="Step_DiagonalInput_HasSameNominalSpeedAsCardinalInput" classname="FrameSyncDemo.Tests.FrameSimulationSystemTests" runstate="Runnable" seed="1619310789" result="Passed" start-time="2026-08-25 02:34:28Z" end-time="2026-08-25 02:34:28Z" duration="0.000988" asserts="0">
                <properties />
              </test-case>
              <test-case id="1908" name="Step_DiagonalInput_HasSameNominalSpeedAsCardinalInput(165,116)" fullname="FrameSyncDemo.Tests.FrameSimulationSystemTests.Step_DiagonalInput_HasSameNominalSpeedAsCardinalInput(165,116)" methodname="Step_DiagonalInput_HasSameNominalSpeedAsCardinalInput" classname="FrameSyncDemo.Tests.FrameSimulationSystemTests" runstate="Runnable" seed="1702266608" result="Passed" start-time="2026-08-25 02:34:28Z" end-time="2026-08-25 02:34:28Z" duration="0.000193" asserts="0">
                <properties />
              </test-case>
            </test-suite>
            <test-case id="1903" name="Step_EquidistantPickupCandidates_SelectsLowerPlayerIndex" fullname="FrameSyncDemo.Tests.FrameSimulationSystemTests.Step_EquidistantPickupCandidates_SelectsLowerPlayerIndex" methodname="Step_EquidistantPickupCandidates_SelectsLowerPlayerIndex" classname="FrameSyncDemo.Tests.FrameSimulationSystemTests" runstate="Runnable" seed="895298466" result="Passed" start-time="2026-08-25 02:34:28Z" end-time="2026-08-25 02:34:28Z" duration="0.000319" asserts="0">
              <properties />
            </test-case>
            <test-case id="1900" name="Step_FreeBallPickupAtRadius_TransfersPossessionAtomically" fullname="FrameSyncDemo.Tests.FrameSimulationSystemTests.Step_FreeBallPickupAtRadius_TransfersPossessionAtomically" methodname="Step_FreeBallPickupAtRadius_TransfersPossessionAtomically" classname="FrameSyncDemo.Tests.FrameSimulationSystemTests" runstate="Runnable" seed="520038492" result="Passed" start-time="2026-08-25 02:34:28Z" end-time="2026-08-25 02:34:28Z" duration="0.000385" asserts="0">
              <properties />
            </test-case>
            <test-case id="1901" name="Step_FreeBallPickupOutsideRadius_DoesNotTransferPossession" fullname="FrameSyncDemo.Tests.FrameSimulationSystemTests.Step_FreeBallPickupOutsideRadius_DoesNotTransferPossession" methodname="Step_FreeBallPickupOutsideRadius_DoesNotTransferPossession" classname="FrameSyncDemo.Tests.FrameSimulationSystemTests" runstate="Runnable" seed="696785122" result="Passed" start-time="2026-08-25 02:34:28Z" end-time="2026-08-25 02:34:28Z" duration="0.000324" asserts="0">
              <properties />
            </test-case>
            <test-case id="1905" name="Step_HolderShoots_ReleasesAndAdvancesBallInSameFrame" fullname="FrameSyncDemo.Tests.FrameSimulationSystemTests.Step_HolderShoots_ReleasesAndAdvancesBallInSameFrame" methodname="Step_HolderShoots_ReleasesAndAdvancesBallInSameFrame" classname="FrameSyncDemo.Tests.FrameSimulationSystemTests" runstate="Runnable" seed="1964583" result="Passed" start-time="2026-08-25 02:34:28Z" end-time="2026-08-25 02:34:28Z" duration="0.000354" asserts="0">
              <properties />
            </test-case>
            <test-case id="1904" name="Step_PickupAndShootReleasedInSameFrame_KeepsBallHeld" fullname="FrameSyncDemo.Tests.FrameSimulationSystemTests.Step_PickupAndShootReleasedInSameFrame_KeepsBallHeld" methodname="Step_PickupAndShootReleasedInSameFrame_KeepsBallHeld" classname="FrameSyncDemo.Tests.FrameSimulationSystemTests" runstate="Runnable" seed="1205146342" result="Passed" start-time="2026-08-25 02:34:28Z" end-time="2026-08-25 02:34:28Z" duration="0.000259" asserts="0">
              <properties />
            </test-case>
            <test-case id="1902" name="Step_SimultaneousPickupCandidates_SelectsNearestPlayer" fullname="FrameSyncDemo.Tests.FrameSimulationSystemTests.Step_SimultaneousPickupCandidates_SelectsNearestPlayer" methodname="Step_SimultaneousPickupCandidates_SelectsNearestPlayer" classname="FrameSyncDemo.Tests.FrameSimulationSystemTests" runstate="Runnable" seed="1977565446" result="Passed" start-time="2026-08-25 02:34:28Z" end-time="2026-08-25 02:34:28Z" duration="0.000243" asserts="0">
              <properties />
            </test-case>
            <test-case id="1906" name="Step_StateChanges_DoesNotEmitFsmLogs" fullname="FrameSyncDemo.Tests.FrameSimulationSystemTests.Step_StateChanges_DoesNotEmitFsmLogs" methodname="Step_StateChanges_DoesNotEmitFsmLogs" classname="FrameSyncDemo.Tests.FrameSimulationSystemTests" runstate="Runnable" seed="1724517209" result="Passed" start-time="2026-08-25 02:34:28Z" end-time="2026-08-25 02:34:28Z" duration="0.000382" asserts="0">
              <properties />
            </test-case>
          </test-suite>
          <test-suite type="TestFixture" id="1913" name="FrameSyncCoordinatorTests" fullname="FrameSyncDemo.Tests.FrameSyncCoordinatorTests" classname="FrameSyncDemo.Tests.FrameSyncCoordinatorTests" runstate="Runnable" testcasecount="18" result="Passed" start-time="2026-08-25 02:34:28Z" end-time="2026-08-25 02:34:28Z" duration="0.016544" total="18" passed="18" failed="0" inconclusive="0" skipped="0" asserts="0">
            <properties />
            <test-case id="1922" name="Advance_ConfirmationHoleThenFill_CatchesUpEveryActualFrameInOrder" fullname="FrameSyncDemo.Tests.FrameSyncCoordinatorTests.Advance_ConfirmationHoleThenFill_CatchesUpEveryActualFrameInOrder" methodname="Advance_ConfirmationHoleThenFill_CatchesUpEveryActualFrameInOrder" classname="FrameSyncDemo.Tests.FrameSyncCoordinatorTests" runstate="Runnable" seed="653329854" result="Passed" start-time="2026-08-25 02:34:28Z" end-time="2026-08-25 02:34:28Z" duration="0.001301" asserts="0">
              <properties />
            </test-case>
            <test-case id="1929" name="Advance_IntegrityFault_DoesNotAdvanceEitherWorld" fullname="FrameSyncDemo.Tests.FrameSyncCoordinatorTests.Advance_IntegrityFault_DoesNotAdvanceEitherWorld" methodname="Advance_IntegrityFault_DoesNotAdvanceEitherWorld" classname="FrameSyncDemo.Tests.FrameSyncCoordinatorTests" runstate="Runnable" seed="819554164" result="Passed" start-time="2026-08-25 02:34:28Z" end-time="2026-08-25 02:34:28Z" duration="0.000330" asserts="0">
              <properties />
            </test-case>
            <test-case id="1921" name="Advance_OneActualAndOnePrediction_AdvancesOnlyPredictedWorld" fullname="FrameSyncDemo.Tests.FrameSyncCoordinatorTests.Advance_OneActualAndOnePrediction_AdvancesOnlyPredictedWorld" methodname="Advance_OneActualAndOnePrediction_AdvancesOnlyPredictedWorld" classname="FrameSyncDemo.Tests.FrameSyncCoordinatorTests" runstate="Runnable" seed="1458644860" result="Passed" start-time="2026-08-25 02:34:28Z" end-time="2026-08-25 02:34:28Z" duration="0.000308" asserts="0">
              <properties />
            </test-case>
            <test-case id="1923" name="Advance_PredictedMutation_DoesNotAliasConfirmedWorld" fullname="FrameSyncDemo.Tests.FrameSyncCoordinatorTests.Advance_PredictedMutation_DoesNotAliasConfirmedWorld" methodname="Advance_PredictedMutation_DoesNotAliasConfirmedWorld" classname="FrameSyncDemo.Tests.FrameSyncCoordinatorTests" runstate="Runnable" seed="705339029" result="Passed" start-time="2026-08-25 02:34:28Z" end-time="2026-08-25 02:34:28Z" duration="0.000294" asserts="0">
              <properties />
            </test-case>
            <test-case id="1930" name="ConfirmedWorld_SameActualHistoryDifferentArrivalOrder_ConvergesByFieldsAndHash" fullname="FrameSyncDemo.Tests.FrameSyncCoordinatorTests.ConfirmedWorld_SameActualHistoryDifferentArrivalOrder_ConvergesByFieldsAndHash" methodname="ConfirmedWorld_SameActualHistoryDifferentArrivalOrder_ConvergesByFieldsAndHash" classname="FrameSyncDemo.Tests.FrameSyncCoordinatorTests" runstate="Runnable" seed="1158025101" result="Passed" start-time="2026-08-25 02:34:28Z" end-time="2026-08-25 02:34:28Z" duration="0.000386" asserts="0">
              <properties />
            </test-case>
            <test-case id="1918" name="EarliestRecoverableCanonicalFrame_EmptySnapshots_UsesInitialWorld" fullname="FrameSyncDemo.Tests.FrameSyncCoordinatorTests.EarliestRecoverableCanonicalFrame_EmptySnapshots_UsesInitialWorld" methodname="EarliestRecoverableCanonicalFrame_EmptySnapshots_UsesInitialWorld" classname="FrameSyncDemo.Tests.FrameSyncCoordinatorTests" runstate="Runnable" seed="811050420" result="Passed" start-time="2026-08-25 02:34:28Z" end-time="2026-08-25 02:34:28Z" duration="0.000263" asserts="0">
              <properties />
            </test-case>
            <test-case id="1920" name="EarliestRecoverableCanonicalFrame_LedgerPruneCanAdvanceFloorFurther" fullname="FrameSyncDemo.Tests.FrameSyncCoordinatorTests.EarliestRecoverableCanonicalFrame_LedgerPruneCanAdvanceFloorFurther" methodname="EarliestRecoverableCanonicalFrame_LedgerPruneCanAdvanceFloorFurther" classname="FrameSyncDemo.Tests.FrameSyncCoordinatorTests" runstate="Runnable" seed="456717482" result="Passed" start-time="2026-08-25 02:34:28Z" end-time="2026-08-25 02:34:28Z" duration="0.000467" asserts="0">
              <properties />
            </test-case>
            <test-case id="1919" name="EarliestRecoverableCanonicalFrame_SnapshotRingRequiresPrecedingFrame" fullname="FrameSyncDemo.Tests.FrameSyncCoordinatorTests.EarliestRecoverableCanonicalFrame_SnapshotRingRequiresPrecedingFrame" methodname="EarliestRecoverableCanonicalFrame_SnapshotRingRequiresPrecedingFrame" classname="FrameSyncDemo.Tests.FrameSyncCoordinatorTests" runstate="Runnable" seed="1827501545" result="Passed" start-time="2026-08-25 02:34:28Z" end-time="2026-08-25 02:34:28Z" duration="0.000196" asserts="0">
              <properties />
            </test-case>
            <test-case id="1915" name="FrameSyncCoordinator_P2CNormalAdvanceSurface_IsAvailable" fullname="FrameSyncDemo.Tests.FrameSyncCoordinatorTests.FrameSyncCoordinator_P2CNormalAdvanceSurface_IsAvailable" methodname="FrameSyncCoordinator_P2CNormalAdvanceSurface_IsAvailable" classname="FrameSyncDemo.Tests.FrameSyncCoordinatorTests" runstate="Runnable" seed="1259518609" result="Passed" start-time="2026-08-25 02:34:28Z" end-time="2026-08-25 02:34:28Z" duration="0.000710" asserts="0">
              <properties />
            </test-case>
            <test-case id="1917" name="FrameSyncCoordinator_UnityAdapterReadSurface_IsAvailable" fullname="FrameSyncDemo.Tests.FrameSyncCoordinatorTests.FrameSyncCoordinator_UnityAdapterReadSurface_IsAvailable" methodname="FrameSyncCoordinator_UnityAdapterReadSurface_IsAvailable" classname="FrameSyncDemo.Tests.FrameSyncCoordinatorTests" runstate="Runnable" seed="155421433" result="Passed" start-time="2026-08-25 02:34:28Z" end-time="2026-08-25 02:34:28Z" duration="0.000265" asserts="0">
              <properties />
            </test-case>
            <test-case id="1931" name="PredictedWorlds_MayDivergeBeforeActualWhileConfirmedHeadsStayEqual" fullname="FrameSyncDemo.Tests.FrameSyncCoordinatorTests.PredictedWorlds_MayDivergeBeforeActualWhileConfirmedHeadsStayEqual" methodname="PredictedWorlds_MayDivergeBeforeActualWhileConfirmedHeadsStayEqual" classname="FrameSyncDemo.Tests.FrameSyncCoordinatorTests" runstate="Runnable" seed="882220051" result="Passed" start-time="2026-08-25 02:34:28Z" end-time="2026-08-25 02:34:28Z" duration="0.000331" asserts="0">
              <properties />
            </test-case>
            <test-case id="1927" name="Reconcile_EarlyMismatchSnapshotOverwritten_UsesLatestConfirmedBaseline" fullname="FrameSyncDemo.Tests.FrameSyncCoordinatorTests.Reconcile_EarlyMismatchSnapshotOverwritten_UsesLatestConfirmedBaseline" methodname="Reconcile_EarlyMismatchSnapshotOverwritten_UsesLatestConfirmedBaseline" classname="FrameSyncDemo.Tests.FrameSyncCoordinatorTests" runstate="Runnable" seed="1868780177" result="Passed" start-time="2026-08-25 02:34:28Z" end-time="2026-08-25 02:34:28Z" duration="0.001307" asserts="0">
              <properties />
            </test-case>
            <test-case id="1928" name="Reconcile_IntegrityFault_ReturnsFailureAndDoesNotPublishSuccess" fullname="FrameSyncDemo.Tests.FrameSyncCoordinatorTests.Reconcile_IntegrityFault_ReturnsFailureAndDoesNotPublishSuccess" methodname="Reconcile_IntegrityFault_ReturnsFailureAndDoesNotPublishSuccess" classname="FrameSyncDemo.Tests.FrameSyncCoordinatorTests" runstate="Runnable" seed="187591359" result="Passed" start-time="2026-08-25 02:34:28Z" end-time="2026-08-25 02:34:28Z" duration="0.000292" asserts="0">
              <properties />
            </test-case>
            <test-case id="1924" name="Reconcile_LateMismatch_RebuildsPredictedFromLatestConfirmedBaseline" fullname="FrameSyncDemo.Tests.FrameSyncCoordinatorTests.Reconcile_LateMismatch_RebuildsPredictedFromLatestConfirmedBaseline" methodname="Reconcile_LateMismatch_RebuildsPredictedFromLatestConfirmedBaseline" classname="FrameSyncDemo.Tests.FrameSyncCoordinatorTests" runstate="Runnable" seed="1827341768" result="Passed" start-time="2026-08-25 02:34:28Z" end-time="2026-08-25 02:34:28Z" duration="0.000674" asserts="0">
              <properties />
            </test-case>
            <test-case id="1926" name="Reconcile_PredictionMatched_DoesNotReplay" fullname="FrameSyncDemo.Tests.FrameSyncCoordinatorTests.Reconcile_PredictionMatched_DoesNotReplay" methodname="Reconcile_PredictionMatched_DoesNotReplay" classname="FrameSyncDemo.Tests.FrameSyncCoordinatorTests" runstate="Runnable" seed="960996166" result="Passed" start-time="2026-08-25 02:34:28Z" end-time="2026-08-25 02:34:28Z" duration="0.000431" asserts="0">
              <properties />
            </test-case>
            <test-case id="1925" name="Reconcile_TwoOutOfOrderMismatches_UsesOneEarliestSuffixAndClearsBoth" fullname="FrameSyncDemo.Tests.FrameSyncCoordinatorTests.Reconcile_TwoOutOfOrderMismatches_UsesOneEarliestSuffixAndClearsBoth" methodname="Reconcile_TwoOutOfOrderMismatches_UsesOneEarliestSuffixAndClearsBoth" classname="FrameSyncDemo.Tests.FrameSyncCoordinatorTests" runstate="Runnable" seed="1102174777" result="Passed" start-time="2026-08-25 02:34:28Z" end-time="2026-08-25 02:34:28Z" duration="0.000584" asserts="0">
              <properties />
            </test-case>
            <test-case id="1914" name="RuntimeAssembly_FrameSyncCoordinator_IsAvailable" fullname="FrameSyncDemo.Tests.FrameSyncCoordinatorTests.RuntimeAssembly_FrameSyncCoordinator_IsAvailable" methodname="RuntimeAssembly_FrameSyncCoordinator_IsAvailable" classname="FrameSyncDemo.Tests.FrameSyncCoordinatorTests" runstate="Runnable" seed="667972602" result="Passed" start-time="2026-08-25 02:34:28Z" end-time="2026-08-25 02:34:28Z" duration="0.001428" asserts="0">
              <properties />
            </test-case>
            <test-case id="1916" name="RuntimeAssembly_P2CReconcileSurface_IsAvailable" fullname="FrameSyncDemo.Tests.FrameSyncCoordinatorTests.RuntimeAssembly_P2CReconcileSurface_IsAvailable" methodname="RuntimeAssembly_P2CReconcileSurface_IsAvailable" classname="FrameSyncDemo.Tests.FrameSyncCoordinatorTests" runstate="Runnable" seed="122766430" result="Passed" start-time="2026-08-25 02:34:28Z" end-time="2026-08-25 02:34:28Z" duration="0.000385" asserts="0">
              <properties />
            </test-case>
          </test-suite>
          <test-suite type="TestFixture" id="1932" name="GameControllerConfirmedPlaybackTests" fullname="FrameSyncDemo.Tests.GameControllerConfirmedPlaybackTests" classname="FrameSyncDemo.Tests.GameControllerConfirmedPlaybackTests" runstate="Runnable" testcasecount="5" result="Passed" start-time="2026-08-25 02:34:28Z" end-time="2026-08-25 02:34:28Z" duration="0.010955" total="5" passed="5" failed="0" inconclusive="0" skipped="0" asserts="0">
            <properties />
[...]
                <properties />
              </test-case>
              <test-case id="2531" name="Compute_Player2YChanges_ReturnsDifferentHash" fullname="FrameSyncDemo.Tests.WorldHashTests.Compute_Player2YChanges_ReturnsDifferentHash" methodname="Compute_SingleSynchronizedFieldChanges_ReturnsDifferentHash" classname="FrameSyncDemo.Tests.WorldHashTests" runstate="Runnable" seed="980330244" result="Passed" start-time="2026-08-25 02:34:32Z" end-time="2026-08-25 02:34:32Z" duration="0.000084" asserts="0">
                <properties />
              </test-case>
              <test-case id="2532" name="Compute_Player2ZChanges_ReturnsDifferentHash" fullname="FrameSyncDemo.Tests.WorldHashTests.Compute_Player2ZChanges_ReturnsDifferentHash" methodname="Compute_SingleSynchronizedFieldChanges_ReturnsDifferentHash" classname="FrameSyncDemo.Tests.WorldHashTests" runstate="Runnable" seed="1531136718" result="Passed" start-time="2026-08-25 02:34:32Z" end-time="2026-08-25 02:34:32Z" duration="0.000086" asserts="0">
                <properties />
              </test-case>
              <test-case id="2533" name="Compute_Player1FacingXChanges_ReturnsDifferentHash" fullname="FrameSyncDemo.Tests.WorldHashTests.Compute_Player1FacingXChanges_ReturnsDifferentHash" methodname="Compute_SingleSynchronizedFieldChanges_ReturnsDifferentHash" classname="FrameSyncDemo.Tests.WorldHashTests" runstate="Runnable" seed="1974698836" result="Passed" start-time="2026-08-25 02:34:32Z" end-time="2026-08-25 02:34:32Z" duration="0.000086" asserts="0">
                <properties />
              </test-case>
              <test-case id="2534" name="Compute_Player1FacingYChanges_ReturnsDifferentHash" fullname="FrameSyncDemo.Tests.WorldHashTests.Compute_Player1FacingYChanges_ReturnsDifferentHash" methodname="Compute_SingleSynchronizedFieldChanges_ReturnsDifferentHash" classname="FrameSyncDemo.Tests.WorldHashTests" runstate="Runnable" seed="2056960835" result="Passed" start-time="2026-08-25 02:34:32Z" end-time="2026-08-25 02:34:32Z" duration="0.000083" asserts="0">
                <properties />
              </test-case>
              <test-case id="2535" name="Compute_Player1FacingZChanges_ReturnsDifferentHash" fullname="FrameSyncDemo.Tests.WorldHashTests.Compute_Player1FacingZChanges_ReturnsDifferentHash" methodname="Compute_SingleSynchronizedFieldChanges_ReturnsDifferentHash" classname="FrameSyncDemo.Tests.WorldHashTests" runstate="Runnable" seed="882788977" result="Passed" start-time="2026-08-25 02:34:32Z" end-time="2026-08-25 02:34:32Z" duration="0.000090" asserts="0">
                <properties />
              </test-case>
              <test-case id="2536" name="Compute_Player2FacingXChanges_ReturnsDifferentHash" fullname="FrameSyncDemo.Tests.WorldHashTests.Compute_Player2FacingXChanges_ReturnsDifferentHash" methodname="Compute_SingleSynchronizedFieldChanges_ReturnsDifferentHash" classname="FrameSyncDemo.Tests.WorldHashTests" runstate="Runnable" seed="131165599" result="Passed" start-time="2026-08-25 02:34:32Z" end-time="2026-08-25 02:34:32Z" duration="0.000084" asserts="0">
                <properties />
              </test-case>
              <test-case id="2537" name="Compute_Player2FacingYChanges_ReturnsDifferentHash" fullname="FrameSyncDemo.Tests.WorldHashTests.Compute_Player2FacingYChanges_ReturnsDifferentHash" methodname="Compute_SingleSynchronizedFieldChanges_ReturnsDifferentHash" classname="FrameSyncDemo.Tests.WorldHashTests" runstate="Runnable" seed="44530404" result="Passed" start-time="2026-08-25 02:34:32Z" end-time="2026-08-25 02:34:32Z" duration="0.000086" asserts="0">
                <properties />
              </test-case>
              <test-case id="2538" name="Compute_Player2FacingZChanges_ReturnsDifferentHash" fullname="FrameSyncDemo.Tests.WorldHashTests.Compute_Player2FacingZChanges_ReturnsDifferentHash" methodname="Compute_SingleSynchronizedFieldChanges_ReturnsDifferentHash" classname="FrameSyncDemo.Tests.WorldHashTests" runstate="Runnable" seed="1899039245" result="Passed" start-time="2026-08-25 02:34:32Z" end-time="2026-08-25 02:34:32Z" duration="0.000085" asserts="0">
                <properties />
              </test-case>
              <test-case id="2539" name="Compute_Player1StateChanges_ReturnsDifferentHash" fullname="FrameSyncDemo.Tests.WorldHashTests.Compute_Player1StateChanges_ReturnsDifferentHash" methodname="Compute_SingleSynchronizedFieldChanges_ReturnsDifferentHash" classname="FrameSyncDemo.Tests.WorldHashTests" runstate="Runnable" seed="1468191206" result="Passed" start-time="2026-08-25 02:34:32Z" end-time="2026-08-25 02:34:32Z" duration="0.000086" asserts="0">
                <properties />
              </test-case>
              <test-case id="2540" name="Compute_Player2StateChanges_ReturnsDifferentHash" fullname="FrameSyncDemo.Tests.WorldHashTests.Compute_Player2StateChanges_ReturnsDifferentHash" methodname="Compute_SingleSynchronizedFieldChanges_ReturnsDifferentHash" classname="FrameSyncDemo.Tests.WorldHashTests" runstate="Runnable" seed="281685623" result="Passed" start-time="2026-08-25 02:34:32Z" end-time="2026-08-25 02:34:32Z" duration="0.000083" asserts="0">
                <properties />
              </test-case>
              <test-case id="2541" name="Compute_Player1HasBallChanges_ReturnsDifferentHash" fullname="FrameSyncDemo.Tests.WorldHashTests.Compute_Player1HasBallChanges_ReturnsDifferentHash" methodname="Compute_SingleSynchronizedFieldChanges_ReturnsDifferentHash" classname="FrameSyncDemo.Tests.WorldHashTests" runstate="Runnable" seed="1052074453" result="Passed" start-time="2026-08-25 02:34:32Z" end-time="2026-08-25 02:34:32Z" duration="0.000085" asserts="0">
                <properties />
              </test-case>
              <test-case id="2542" name="Compute_Player2HasBallChanges_ReturnsDifferentHash" fullname="FrameSyncDemo.Tests.WorldHashTests.Compute_Player2HasBallChanges_ReturnsDifferentHash" methodname="Compute_SingleSynchronizedFieldChanges_ReturnsDifferentHash" classname="FrameSyncDemo.Tests.WorldHashTests" runstate="Runnable" seed="1072047335" result="Passed" start-time="2026-08-25 02:34:32Z" end-time="2026-08-25 02:34:32Z" duration="0.000083" asserts="0">
                <properties />
              </test-case>
              <test-case id="2543" name="Compute_BallPosXChanges_ReturnsDifferentHash" fullname="FrameSyncDemo.Tests.WorldHashTests.Compute_BallPosXChanges_ReturnsDifferentHash" methodname="Compute_SingleSynchronizedFieldChanges_ReturnsDifferentHash" classname="FrameSyncDemo.Tests.WorldHashTests" runstate="Runnable" seed="2107512245" result="Passed" start-time="2026-08-25 02:34:32Z" end-time="2026-08-25 02:34:32Z" duration="0.000098" asserts="0">
                <properties />
              </test-case>
              <test-case id="2544" name="Compute_BallPosYChanges_ReturnsDifferentHash" fullname="FrameSyncDemo.Tests.WorldHashTests.Compute_BallPosYChanges_ReturnsDifferentHash" methodname="Compute_SingleSynchronizedFieldChanges_ReturnsDifferentHash" classname="FrameSyncDemo.Tests.WorldHashTests" runstate="Runnable" seed="51984083" result="Passed" start-time="2026-08-25 02:34:32Z" end-time="2026-08-25 02:34:32Z" duration="0.000085" asserts="0">
                <properties />
              </test-case>
              <test-case id="2545" name="Compute_BallPosZChanges_ReturnsDifferentHash" fullname="FrameSyncDemo.Tests.WorldHashTests.Compute_BallPosZChanges_ReturnsDifferentHash" methodname="Compute_SingleSynchronizedFieldChanges_ReturnsDifferentHash" classname="FrameSyncDemo.Tests.WorldHashTests" runstate="Runnable" seed="799399333" result="Passed" start-time="2026-08-25 02:34:32Z" end-time="2026-08-25 02:34:32Z" duration="0.000084" asserts="0">
                <properties />
              </test-case>
              <test-case id="2546" name="Compute_BallVelXChanges_ReturnsDifferentHash" fullname="FrameSyncDemo.Tests.WorldHashTests.Compute_BallVelXChanges_ReturnsDifferentHash" methodname="Compute_SingleSynchronizedFieldChanges_ReturnsDifferentHash" classname="FrameSyncDemo.Tests.WorldHashTests" runstate="Runnable" seed="815910172" result="Passed" start-time="2026-08-25 02:34:32Z" end-time="2026-08-25 02:34:32Z" duration="0.000085" asserts="0">
                <properties />
              </test-case>
              <test-case id="2547" name="Compute_BallVelYChanges_ReturnsDifferentHash" fullname="FrameSyncDemo.Tests.WorldHashTests.Compute_BallVelYChanges_ReturnsDifferentHash" methodname="Compute_SingleSynchronizedFieldChanges_ReturnsDifferentHash" classname="FrameSyncDemo.Tests.WorldHashTests" runstate="Runnable" seed="197545243" result="Passed" start-time="2026-08-25 02:34:32Z" end-time="2026-08-25 02:34:32Z" duration="0.000085" asserts="0">
                <properties />
              </test-case>
              <test-case id="2548" name="Compute_BallVelZChanges_ReturnsDifferentHash" fullname="FrameSyncDemo.Tests.WorldHashTests.Compute_BallVelZChanges_ReturnsDifferentHash" methodname="Compute_SingleSynchronizedFieldChanges_ReturnsDifferentHash" classname="FrameSyncDemo.Tests.WorldHashTests" runstate="Runnable" seed="404073644" result="Passed" start-time="2026-08-25 02:34:32Z" end-time="2026-08-25 02:34:32Z" duration="0.000084" asserts="0">
                <properties />
              </test-case>
              <test-case id="2549" name="Compute_BallStateChanges_ReturnsDifferentHash" fullname="FrameSyncDemo.Tests.WorldHashTests.Compute_BallStateChanges_ReturnsDifferentHash" methodname="Compute_SingleSynchronizedFieldChanges_ReturnsDifferentHash" classname="FrameSyncDemo.Tests.WorldHashTests" runstate="Runnable" seed="1211769542" result="Passed" start-time="2026-08-25 02:34:32Z" end-time="2026-08-25 02:34:32Z" duration="0.000082" asserts="0">
                <properties />
              </test-case>
              <test-case id="2550" name="Compute_BallHolderChanges_ReturnsDifferentHash" fullname="FrameSyncDemo.Tests.WorldHashTests.Compute_BallHolderChanges_ReturnsDifferentHash" methodname="Compute_SingleSynchronizedFieldChanges_ReturnsDifferentHash" classname="FrameSyncDemo.Tests.WorldHashTests" runstate="Runnable" seed="1868754401" result="Passed" start-time="2026-08-25 02:34:32Z" end-time="2026-08-25 02:34:32Z" duration="0.000085" asserts="0">
                <properties />
              </test-case>
            </test-suite>
            <test-case id="2523" name="Compute_WorldAndEquivalentSnapshot_ReturnSameHash" fullname="FrameSyncDemo.Tests.WorldHashTests.Compute_WorldAndEquivalentSnapshot_ReturnSameHash" methodname="Compute_WorldAndEquivalentSnapshot_ReturnSameHash" classname="FrameSyncDemo.Tests.WorldHashTests" runstate="Runnable" seed="1643673148" result="Passed" start-time="2026-08-25 02:34:32Z" end-time="2026-08-25 02:34:32Z" duration="0.000213" asserts="0">
              <properties />
            </test-case>
            <test-case id="2552" name="SynchronizedFieldList_FrameSnapshotHasOneCanonicalStorageGraph" fullname="FrameSyncDemo.Tests.WorldHashTests.SynchronizedFieldList_FrameSnapshotHasOneCanonicalStorageGraph" methodname="SynchronizedFieldList_FrameSnapshotHasOneCanonicalStorageGraph" classname="FrameSyncDemo.Tests.WorldHashTests" runstate="Runnable" seed="1294523867" result="Passed" start-time="2026-08-25 02:34:32Z" end-time="2026-08-25 02:34:32Z" duration="0.000909" asserts="0">
              <properties />
            </test-case>
          </test-suite>
          <test-suite type="TestFixture" id="2554" name="WorldSnapshotStoreTests" fullname="FrameSyncDemo.Tests.WorldSnapshotStoreTests" classname="FrameSyncDemo.Tests.WorldSnapshotStoreTests" runstate="Runnable" testcasecount="9" result="Passed" start-time="2026-08-25 02:34:32Z" end-time="2026-08-25 02:34:32Z" duration="0.006903" total="9" passed="9" failed="0" inconclusive="0" skipped="0" asserts="0">
            <properties />
            <test-case id="2555" name="Constructor_NonPositiveCapacity_Throws" fullname="FrameSyncDemo.Tests.WorldSnapshotStoreTests.Constructor_NonPositiveCapacity_Throws" methodname="Constructor_NonPositiveCapacity_Throws" classname="FrameSyncDemo.Tests.WorldSnapshotStoreTests" runstate="Runnable" seed="1959933903" result="Passed" start-time="2026-08-25 02:34:32Z" end-time="2026-08-25 02:34:32Z" duration="0.000712" asserts="0">
              <properties />
            </test-case>
            <test-case id="2562" name="CreateIsolated_StepClone_DoesNotMutateSourceRuntimeWorld" fullname="FrameSyncDemo.Tests.WorldSnapshotStoreTests.CreateIsolated_StepClone_DoesNotMutateSourceRuntimeWorld" methodname="CreateIsolated_StepClone_DoesNotMutateSourceRuntimeWorld" classname="FrameSyncDemo.Tests.WorldSnapshotStoreTests" runstate="Runnable" seed="1519094553" result="Passed" start-time="2026-08-25 02:34:32Z" end-time="2026-08-25 02:34:32Z" duration="0.000487" asserts="0">
              <properties />
            </test-case>
            <test-case id="2560" name="DeterministicWorld_P2CCloneFactory_IsAvailable" fullname="FrameSyncDemo.Tests.WorldSnapshotStoreTests.DeterministicWorld_P2CCloneFactory_IsAvailable" methodname="DeterministicWorld_P2CCloneFactory_IsAvailable" classname="FrameSyncDemo.Tests.WorldSnapshotStoreTests" runstate="Runnable" seed="672511080" result="Passed" start-time="2026-08-25 02:34:32Z" end-time="2026-08-25 02:34:32Z" duration="0.000343" asserts="0">
              <properties />
            </test-case>
            <test-case id="2556" name="ReadableBounds_EmptyThenRingWrap_ReportsActualSnapshots" fullname="FrameSyncDemo.Tests.WorldSnapshotStoreTests.ReadableBounds_EmptyThenRingWrap_ReportsActualSnapshots" methodname="ReadableBounds_EmptyThenRingWrap_ReportsActualSnapshots" classname="FrameSyncDemo.Tests.WorldSnapshotStoreTests" runstate="Runnable" seed="1591540455" result="Passed" start-time="2026-08-25 02:34:32Z" end-time="2026-08-25 02:34:32Z" duration="0.000668" asserts="0">
              <properties />
            </test-case>
            <test-case id="2557" name="ReadableBounds_TruncatePastOverwrittenHistoryThenRewrite_TracksActualWindow" fullname="FrameSyncDemo.Tests.WorldSnapshotStoreTests.ReadableBounds_TruncatePastOverwrittenHistoryThenRewrite_TracksActualWindow" methodname="ReadableBounds_TruncatePastOverwrittenHistoryThenRewrite_TracksActualWindow" classname="FrameSyncDemo.Tests.WorldSnapshotStoreTests" runstate="Runnable" seed="1178844593" result="Passed" start-time="2026-08-25 02:34:32Z" end-time="2026-08-25 02:34:32Z" duration="0.000672" asserts="0">
              <properties />
            </test-case>
            <test-case id="2563" name="Restore_ExactSnapshotAndInitial_AreExplicitAndMissingIsNonMutating" fullname="FrameSyncDemo.Tests.WorldSnapshotStoreTests.Restore_ExactSnapshotAndInitial_AreExplicitAndMissingIsNonMutating" methodname="Restore_ExactSnapshotAndInitial_AreExplicitAndMissingIsNonMutating" classname="FrameSyncDemo.Tests.WorldSnapshotStoreTests" runstate="Runnable" seed="457847982" result="Passed" start-time="2026-08-25 02:34:32Z" end-time="2026-08-25 02:34:32Z" duration="0.000539" asserts="0">
              <properties />
            </test-case>
            <test-case id="2559" name="RuntimeAssembly_P2CWorldSnapshotStore_IsAvailable" fullname="FrameSyncDemo.Tests.WorldSnapshotStoreTests.RuntimeAssembly_P2CWorldSnapshotStore_IsAvailable" methodname="RuntimeAssembly_P2CWorldSnapshotStore_IsAvailable" classname="FrameSyncDemo.Tests.WorldSnapshotStoreTests" runstate="Runnable" seed="1689757692" result="Passed" start-time="2026-08-25 02:34:32Z" end-time="2026-08-25 02:34:32Z" duration="0.000582" asserts="0">
              <properties />
            </test-case>
            <test-case id="2561" name="Stores_SameFrameDifferentValues_RemainIndependentValueCopies" fullname="FrameSyncDemo.Tests.WorldSnapshotStoreTests.Stores_SameFrameDifferentValues_RemainIndependentValueCopies" methodname="Stores_SameFrameDifferentValues_RemainIndependentValueCopies" classname="FrameSyncDemo.Tests.WorldSnapshotStoreTests" runstate="Runnable" seed="1997377353" result="Passed" start-time="2026-08-25 02:34:32Z" end-time="2026-08-25 02:34:32Z" duration="0.000584" asserts="0">
              <properties />
            </test-case>
            <test-case id="2558" name="TruncateAfter_HidesFutureSnapshotsUntilRewritten" fullname="FrameSyncDemo.Tests.WorldSnapshotStoreTests.TruncateAfter_HidesFutureSnapshotsUntilRewritten" methodname="TruncateAfter_HidesFutureSnapshotsUntilRewritten" classname="FrameSyncDemo.Tests.WorldSnapshotStoreTests" runstate="Runnable" seed="1978546951" result="Passed" start-time="2026-08-25 02:34:32Z" end-time="2026-08-25 02:34:32Z" duration="0.000440" asserts="0">
              <properties />
            </test-case>
          </test-suite>
          <test-suite type="TestFixture" id="2564" name="WorldStateCodecTests" fullname="FrameSyncDemo.Tests.WorldStateCodecTests" classname="FrameSyncDemo.Tests.WorldStateCodecTests" runstate="Runnable" testcasecount="5" result="Passed" start-time="2026-08-25 02:34:32Z" end-time="2026-08-25 02:34:32Z" duration="0.006470" total="5" passed="5" failed="0" inconclusive="0" skipped="0" asserts="0">
            <properties />
            <test-case id="2566" name="Capture_DistinctRuntimeWorld_CopiesEverySynchronizedField" fullname="FrameSyncDemo.Tests.WorldStateCodecTests.Capture_DistinctRuntimeWorld_CopiesEverySynchronizedField" methodname="Capture_DistinctRuntimeWorld_CopiesEverySynchronizedField" classname="FrameSyncDemo.Tests.WorldStateCodecTests" runstate="Runnable" seed="367588222" result="Passed" start-time="2026-08-25 02:34:32Z" end-time="2026-08-25 02:34:32Z" duration="0.001154" asserts="0">
              <properties />
            </test-case>
            <test-case id="2569" name="Capture_EnumStates_UseExistingIntegerValues" fullname="FrameSyncDemo.Tests.WorldStateCodecTests.Capture_EnumStates_UseExistingIntegerValues" methodname="Capture_EnumStates_UseExistingIntegerValues" classname="FrameSyncDemo.Tests.WorldStateCodecTests" runstate="Runnable" seed="1385420210" result="Passed" start-time="2026-08-25 02:34:32Z" end-time="2026-08-25 02:34:32Z" duration="0.000250" asserts="0">
              <properties />
            </test-case>
            <test-case id="2568" name="Capture_PlayerCountIsNotTwo_ThrowsArgumentException" fullname="FrameSyncDemo.Tests.WorldStateCodecTests.Capture_PlayerCountIsNotTwo_ThrowsArgumentException" methodname="Capture_PlayerCountIsNotTwo_ThrowsArgumentException" classname="FrameSyncDemo.Tests.WorldStateCodecTests" runstate="Runnable" seed="904571156" result="Passed" start-time="2026-08-25 02:34:32Z" end-time="2026-08-25 02:34:32Z" duration="0.000418" asserts="0">
              <properties />
            </test-case>
            <test-case id="2567" name="Restore_MutatedRuntimeWorld_RestoresEverySynchronizedField" fullname="FrameSyncDemo.Tests.WorldStateCodecTests.Restore_MutatedRuntimeWorld_RestoresEverySynchronizedField" methodname="Restore_MutatedRuntimeWorld_RestoresEverySynchronizedField" classname="FrameSyncDemo.Tests.WorldStateCodecTests" runstate="Runnable" seed="2016615847" result="Passed" start-time="2026-08-25 02:34:32Z" end-time="2026-08-25 02:34:32Z" duration="0.000338" asserts="0">
              <properties />
            </test-case>
            <test-case id="2565" name="SimulationWorldState_CopyThenMutate_DoesNotAliasOriginal" fullname="FrameSyncDemo.Tests.WorldStateCodecTests.SimulationWorldState_CopyThenMutate_DoesNotAliasOriginal" methodname="SimulationWorldState_CopyThenMutate_DoesNotAliasOriginal" classname="FrameSyncDemo.Tests.WorldStateCodecTests" runstate="Runnable" seed="1291918433" result="Passed" start-time="2026-08-25 02:34:32Z" end-time="2026-08-25 02:34:32Z" duration="0.000270" asserts="0">
              <properties />
            </test-case>
          </test-suite>
        </test-suite>
      </test-suite>
    </test-suite>
  </test-suite>
</test-run>